# JRE version: OpenJDK Runtime Environment (17.0.6) (build 17.0.6+0-b2043.56-10027231)
# Java VM: OpenJDK 64-Bit Server VM (17.0.6+0-b2043.56-10027231, mixed mode, tiered, compressed oops, compressed class ptrs, g1 gc, windows-amd64)
GC Precious Log:
 CPUs: 16 total, 16 available
 Memory: 16163M
 Large Page Support: Disabled
 NUMA Support: Disabled
 Compressed Oops: Enabled (32-bit)
 Heap Region Size: 1M
 Heap Min Capacity: 8M
 Heap Initial Capacity: 254M
 Heap Max Capacity: 2G
 Pre-touch: Disabled
 Parallel Workers: 13
 Concurrent Workers: 3
 Concurrent Refinement Workers: 13
 Periodic GC: Disabled
Heap:
 garbage-first heap   total 291840K, used 167232K [0x0000000080000000, 0x0000000100000000)
  region size 1024K, 7 young (7168K), 7 survivors (7168K)
 Metaspace       used 119531K, committed 120256K, reserved 1155072K
  class space    used 15682K, committed 16000K, reserved 1048576K
GC Heap History (20 events):
Event: 5.356 GC heap after
{Heap after GC invocations=38 (full 0):
 garbage-first heap   total 182272K, used 105798K [0x0000000080000000, 0x0000000100000000)
  region size 1024K, 6 young (6144K), 6 survivors (6144K)
 Metaspace       used 82449K, committed 83136K, reserved 1122304K
  class space    used 11486K, committed 11776K, reserved 1048576K
}
Event: 5.363 GC heap before
{Heap before GC invocations=38 (full 0):
 garbage-first heap   total 182272K, used 106822K [0x0000000080000000, 0x0000000100000000)
  region size 1024K, 8 young (8192K), 6 survivors (6144K)
 Metaspace       used 82451K, committed 83136K, reserved 1122304K
  class space    used 11486K, committed 11776K, reserved 1048576K
}
Event: 5.368 GC heap after
{Heap after GC invocations=39 (full 0):
 garbage-first heap   total 260096K, used 106235K [0x0000000080000000, 0x0000000100000000)
  region size 1024K, 1 young (1024K), 1 survivors (1024K)
 Metaspace       used 82451K, committed 83136K, reserved 1122304K
  class space    used 11486K, committed 11776K, reserved 1048576K
}
Event: 5.951 GC heap before
{Heap before GC invocations=39 (full 0):
 garbage-first heap   total 260096K, used 194299K [0x0000000080000000, 0x0000000100000000)
  region size 1024K, 77 young (78848K), 1 survivors (1024K)
 Metaspace       used 92665K, committed 93376K, reserved 1130496K
  class space    used 12771K, committed 13056K, reserved 1048576K
}
Event: 5.955 GC heap after
{Heap after GC invocations=40 (full 0):
 garbage-first heap   total 260096K, used 121878K [0x0000000080000000, 0x0000000100000000)
  region size 1024K, 7 young (7168K), 7 survivors (7168K)
 Metaspace       used 92665K, committed 93376K, reserved 1130496K
  class space    used 12771K, committed 13056K, reserved 1048576K
}
Event: 6.252 GC heap before
{Heap before GC invocations=40 (full 0):
 garbage-first heap   total 260096K, used 210966K [0x0000000080000000, 0x0000000100000000)
  region size 1024K, 94 young (96256K), 7 survivors (7168K)
 Metaspace       used 94230K, committed 94976K, reserved 1138688K
  class space    used 12952K, committed 13248K, reserved 1048576K
}
Event: 6.267 GC heap after
{Heap after GC invocations=41 (full 0):
 garbage-first heap   total 260096K, used 137696K [0x0000000080000000, 0x0000000100000000)
  region size 1024K, 12 young (12288K), 12 survivors (12288K)
 Metaspace       used 94230K, committed 94976K, reserved 1138688K
  class space    used 12952K, committed 13248K, reserved 1048576K
}
Event: 6.394 GC heap before
{Heap before GC invocations=41 (full 0):
 garbage-first heap   total 260096K, used 158176K [0x0000000080000000, 0x0000000100000000)
  region size 1024K, 33 young (33792K), 12 survivors (12288K)
 Metaspace       used 97231K, committed 97984K, reserved 1138688K
  class space    used 13277K, committed 13568K, reserved 1048576K
}
Event: 6.403 GC heap after
{Heap after GC invocations=42 (full 0):
 garbage-first heap   total 260096K, used 141807K [0x0000000080000000, 0x0000000100000000)
  region size 1024K, 3 young (3072K), 3 survivors (3072K)
 Metaspace       used 97231K, committed 97984K, reserved 1138688K
  class space    used 13277K, committed 13568K, reserved 1048576K
}
Event: 6.790 GC heap before
{Heap before GC invocations=43 (full 0):
 garbage-first heap   total 260096K, used 214511K [0x0000000080000000, 0x0000000100000000)
  region size 1024K, 68 young (69632K), 3 survivors (3072K)
 Metaspace       used 104374K, committed 105088K, reserved 1146880K
  class space    used 13957K, committed 14272K, reserved 1048576K
}
Event: 6.794 GC heap after
{Heap after GC invocations=44 (full 0):
 garbage-first heap   total 260096K, used 153603K [0x0000000080000000, 0x0000000100000000)
  region size 1024K, 9 young (9216K), 9 survivors (9216K)
 Metaspace       used 104374K, committed 105088K, reserved 1146880K
  class space    used 13957K, committed 14272K, reserved 1048576K
}
Event: 6.820 GC heap before
{Heap before GC invocations=44 (full 0):
 garbage-first heap   total 260096K, used 156675K [0x0000000080000000, 0x0000000100000000)
  region size 1024K, 12 young (12288K), 9 survivors (9216K)
 Metaspace       used 104940K, committed 105664K, reserved 1146880K
  class space    used 14022K, committed 14336K, reserved 1048576K
}
Event: 6.822 GC heap after
{Heap after GC invocations=45 (full 0):
 garbage-first heap   total 260096K, used 154954K [0x0000000080000000, 0x0000000100000000)
  region size 1024K, 2 young (2048K), 2 survivors (2048K)
 Metaspace       used 104940K, committed 105664K, reserved 1146880K
  class space    used 14022K, committed 14336K, reserved 1048576K
}
Event: 7.177 GC heap before
{Heap before GC invocations=45 (full 0):
 garbage-first heap   total 260096K, used 213322K [0x0000000080000000, 0x0000000100000000)
  region size 1024K, 58 young (59392K), 2 survivors (2048K)
 Metaspace       used 111207K, committed 111936K, reserved 1146880K
  class space    used 14822K, committed 15104K, reserved 1048576K
}
Event: 7.181 GC heap after
{Heap after GC invocations=46 (full 0):
 garbage-first heap   total 260096K, used 160212K [0x0000000080000000, 0x0000000100000000)
  region size 1024K, 7 young (7168K), 7 survivors (7168K)
 Metaspace       used 111207K, committed 111936K, reserved 1146880K
  class space    used 14822K, committed 15104K, reserved 1048576K
}
Event: 7.571 GC heap before
{Heap before GC invocations=47 (full 0):
 garbage-first heap   total 291840K, used 213460K [0x0000000080000000, 0x0000000100000000)
  region size 1024K, 59 young (60416K), 7 survivors (7168K)
 Metaspace       used 113583K, committed 114368K, reserved 1155072K
  class space    used 15089K, committed 15424K, reserved 1048576K
}
Event: 7.575 GC heap after
{Heap after GC invocations=48 (full 0):
 garbage-first heap   total 291840K, used 161628K [0x0000000080000000, 0x0000000100000000)
  region size 1024K, 5 young (5120K), 5 survivors (5120K)
 Metaspace       used 113583K, committed 114368K, reserved 1155072K
  class space    used 15089K, committed 15424K, reserved 1048576K
}
Event: 7.600 GC heap before
{Heap before GC invocations=48 (full 0):
 garbage-first heap   total 291840K, used 170844K [0x0000000080000000, 0x0000000100000000)
  region size 1024K, 14 young (14336K), 5 survivors (5120K)
 Metaspace       used 113600K, committed 114368K, reserved 1155072K
  class space    used 15089K, committed 15424K, reserved 1048576K
}
Event: 7.603 GC heap after
{Heap after GC invocations=49 (full 0):
 garbage-first heap   total 291840K, used 161744K [0x0000000080000000, 0x0000000100000000)
  region size 1024K, 2 young (2048K), 2 survivors (2048K)
 Metaspace       used 113600K, committed 114368K, reserved 1155072K
  class space    used 15089K, committed 15424K, reserved 1048576K
}
Event: 8.268 GC heap before
{Heap before GC invocations=49 (full 0):
 garbage-first heap   total 291840K, used 236496K [0x0000000080000000, 0x0000000100000000)
  region size 1024K, 75 young (76800K), 2 survivors (2048K)
 Metaspace       used 119531K, committed 120256K, reserved 1155072K
  class space    used 15682K, committed 16000K, reserved 1048576K
}

