# JRE version: OpenJDK Runtime Environment (17.0.6) (build 17.0.6+0-b2043.56-10027231)
# Java VM: OpenJDK 64-Bit Server VM (17.0.6+0-b2043.56-10027231, mixed mode, tiered, compressed oops, compressed class ptrs, g1 gc, windows-amd64)
GC Precious Log:
 CPUs: 16 total, 16 available
 Memory: 16163M
 Large Page Support: Disabled
 NUMA Support: Disabled
 Compressed Oops: Enabled (32-bit)
 Heap Region Size: 1M
 Heap Min Capacity: 8M
 Heap Initial Capacity: 254M
 Heap Max Capacity: 2G
 Pre-touch: Disabled
 Parallel Workers: 13
 Concurrent Workers: 3
 Concurrent Refinement Workers: 13
 Periodic GC: Disabled
Heap:
 garbage-first heap   total 304128K, used 172012K [0x0000000080000000, 0x0000000100000000)
  region size 1024K, 2 young (2048K), 2 survivors (2048K)
 Metaspace       used 93385K, committed 94144K, reserved 1130496K
  class space    used 12789K, committed 13120K, reserved 1048576K
GC Heap History (20 events):
Event: 3.863 GC heap after
{Heap after GC invocations=19 (full 0):
 garbage-first heap   total 301056K, used 89692K [0x0000000080000000, 0x0000000100000000)
  region size 1024K, 13 young (13312K), 13 survivors (13312K)
 Metaspace       used 57556K, committed 58176K, reserved 1105920K
  class space    used 7703K, committed 8000K, reserved 1048576K
}
Event: 5.295 GC heap before
{Heap before GC invocations=19 (full 0):
 garbage-first heap   total 301056K, used 226908K [0x0000000080000000, 0x0000000100000000)
  region size 1024K, 141 young (144384K), 13 survivors (13312K)
 Metaspace       used 73435K, committed 74112K, reserved 1114112K
  class space    used 9818K, committed 10112K, reserved 1048576K
}
Event: 5.304 GC heap after
{Heap after GC invocations=20 (full 0):
 garbage-first heap   total 301056K, used 98879K [0x0000000080000000, 0x0000000100000000)
  region size 1024K, 9 young (9216K), 9 survivors (9216K)
 Metaspace       used 73435K, committed 74112K, reserved 1114112K
  class space    used 9818K, committed 10112K, reserved 1048576K
}
Event: 5.864 GC heap before
{Heap before GC invocations=20 (full 0):
 garbage-first heap   total 301056K, used 186943K [0x0000000080000000, 0x0000000100000000)
  region size 1024K, 96 young (98304K), 9 survivors (9216K)
 Metaspace       used 81373K, committed 82048K, reserved 1122304K
  class space    used 10868K, committed 11200K, reserved 1048576K
}
Event: 5.872 GC heap after
{Heap after GC invocations=21 (full 0):
 garbage-first heap   total 301056K, used 105731K [0x0000000080000000, 0x0000000100000000)
  region size 1024K, 16 young (16384K), 16 survivors (16384K)
 Metaspace       used 81373K, committed 82048K, reserved 1122304K
  class space    used 10868K, committed 11200K, reserved 1048576K
}
Event: 6.804 GC heap before
{Heap before GC invocations=22 (full 0):
 garbage-first heap   total 301056K, used 259331K [0x0000000080000000, 0x0000000100000000)
  region size 1024K, 141 young (144384K), 16 survivors (16384K)
 Metaspace       used 93359K, committed 94144K, reserved 1130496K
  class space    used 12788K, committed 13120K, reserved 1048576K
}
Event: 6.819 GC heap after
{Heap after GC invocations=23 (full 0):
 garbage-first heap   total 301056K, used 144697K [0x0000000080000000, 0x0000000100000000)
  region size 1024K, 18 young (18432K), 18 survivors (18432K)
 Metaspace       used 93359K, committed 94144K, reserved 1130496K
  class space    used 12788K, committed 13120K, reserved 1048576K
}
Event: 6.821 GC heap before
{Heap before GC invocations=23 (full 0):
 garbage-first heap   total 301056K, used 145721K [0x0000000080000000, 0x0000000100000000)
  region size 1024K, 19 young (19456K), 18 survivors (18432K)
 Metaspace       used 93359K, committed 94144K, reserved 1130496K
  class space    used 12788K, committed 13120K, reserved 1048576K
}
Event: 6.830 GC heap after
{Heap after GC invocations=24 (full 0):
 garbage-first heap   total 301056K, used 147242K [0x0000000080000000, 0x0000000100000000)
  region size 1024K, 3 young (3072K), 3 survivors (3072K)
 Metaspace       used 93359K, committed 94144K, reserved 1130496K
  class space    used 12788K, committed 13120K, reserved 1048576K
}
Event: 7.090 GC heap before
{Heap before GC invocations=24 (full 0):
 garbage-first heap   total 301056K, used 238378K [0x0000000080000000, 0x0000000100000000)
  region size 1024K, 92 young (94208K), 3 survivors (3072K)
 Metaspace       used 93385K, committed 94144K, reserved 1130496K
  class space    used 12789K, committed 13120K, reserved 1048576K
}
Event: 7.104 GC heap after
{Heap after GC invocations=25 (full 0):
 garbage-first heap   total 301056K, used 166512K [0x0000000080000000, 0x0000000100000000)
  region size 1024K, 12 young (12288K), 12 survivors (12288K)
 Metaspace       used 93385K, committed 94144K, reserved 1130496K
  class space    used 12789K, committed 13120K, reserved 1048576K
}
Event: 7.340 GC heap before
{Heap before GC invocations=26 (full 0):
 garbage-first heap   total 301056K, used 234096K [0x0000000080000000, 0x0000000100000000)
  region size 1024K, 82 young (83968K), 12 survivors (12288K)
 Metaspace       used 93385K, committed 94144K, reserved 1130496K
  class space    used 12789K, committed 13120K, reserved 1048576K
}
Event: 7.349 GC heap after
{Heap after GC invocations=27 (full 0):
 garbage-first heap   total 301056K, used 166903K [0x0000000080000000, 0x0000000100000000)
  region size 1024K, 6 young (6144K), 6 survivors (6144K)
 Metaspace       used 93385K, committed 94144K, reserved 1130496K
  class space    used 12789K, committed 13120K, reserved 1048576K
}
Event: 7.384 GC heap before
{Heap before GC invocations=27 (full 0):
 garbage-first heap   total 301056K, used 175095K [0x0000000080000000, 0x0000000100000000)
  region size 1024K, 14 young (14336K), 6 survivors (6144K)
 Metaspace       used 93385K, committed 94144K, reserved 1130496K
  class space    used 12789K, committed 13120K, reserved 1048576K
}
Event: 7.387 GC heap after
{Heap after GC invocations=28 (full 0):
 garbage-first heap   total 301056K, used 166924K [0x0000000080000000, 0x0000000100000000)
  region size 1024K, 2 young (2048K), 2 survivors (2048K)
 Metaspace       used 93385K, committed 94144K, reserved 1130496K
  class space    used 12789K, committed 13120K, reserved 1048576K
}
Event: 7.674 GC heap before
{Heap before GC invocations=28 (full 0):
 garbage-first heap   total 301056K, used 240652K [0x0000000080000000, 0x0000000100000000)
  region size 1024K, 74 young (75776K), 2 survivors (2048K)
 Metaspace       used 93385K, committed 94144K, reserved 1130496K
  class space    used 12789K, committed 13120K, reserved 1048576K
}
Event: 7.677 GC heap after
{Heap after GC invocations=29 (full 0):
 garbage-first heap   total 301056K, used 170477K [0x0000000080000000, 0x0000000100000000)
  region size 1024K, 6 young (6144K), 6 survivors (6144K)
 Metaspace       used 93385K, committed 94144K, reserved 1130496K
  class space    used 12789K, committed 13120K, reserved 1048576K
}
Event: 7.881 GC heap before
{Heap before GC invocations=30 (full 0):
 garbage-first heap   total 304128K, used 244205K [0x0000000080000000, 0x0000000100000000)
  region size 1024K, 78 young (79872K), 6 survivors (6144K)
 Metaspace       used 93385K, committed 94144K, reserved 1130496K
  class space    used 12789K, committed 13120K, reserved 1048576K
}
Event: 7.885 GC heap after
{Heap after GC invocations=31 (full 0):
 garbage-first heap   total 304128K, used 173329K [0x0000000080000000, 0x0000000100000000)
  region size 1024K, 8 young (8192K), 8 survivors (8192K)
 Metaspace       used 93385K, committed 94144K, reserved 1130496K
  class space    used 12789K, committed 13120K, reserved 1048576K
}
Event: 7.902 GC heap before
{Heap before GC invocations=31 (full 0):
 garbage-first heap   total 304128K, used 179473K [0x0000000080000000, 0x0000000100000000)
  region size 1024K, 14 young (14336K), 8 survivors (8192K)
 Metaspace       used 93385K, committed 94144K, reserved 1130496K
  class space    used 12789K, committed 13120K, reserved 1048576K
}

