# JRE version: OpenJDK Runtime Environment (17.0.6) (build 17.0.6+0-b2043.56-10027231)
# Java VM: OpenJDK 64-Bit Server VM (17.0.6+0-b2043.56-10027231, mixed mode, tiered, compressed oops, compressed class ptrs, g1 gc, windows-amd64)
GC Precious Log:
 CPUs: 16 total, 16 available
 Memory: 16163M
 Large Page Support: Disabled
 NUMA Support: Disabled
 Compressed Oops: Enabled (32-bit)
 Heap Region Size: 1M
 Heap Min Capacity: 8M
 Heap Initial Capacity: 254M
 Heap Max Capacity: 2G
 Pre-touch: Disabled
 Parallel Workers: 13
 Concurrent Workers: 3
 Concurrent Refinement Workers: 13
 Periodic GC: Disabled
Heap:
 garbage-first heap   total 260096K, used 156851K [0x0000000080000000, 0x0000000100000000)
  region size 1024K, 5 young (5120K), 5 survivors (5120K)
 Metaspace       used 103347K, committed 104064K, reserved 1146880K
  class space    used 13828K, committed 14144K, reserved 1048576K
GC Heap History (20 events):
Event: 5.508 GC heap after
{Heap after GC invocations=26 (full 0):
 garbage-first heap   total 140288K, used 77445K [0x0000000080000000, 0x0000000100000000)
  region size 1024K, 4 young (4096K), 4 survivors (4096K)
 Metaspace       used 59506K, committed 60160K, reserved 1105920K
  class space    used 8029K, committed 8320K, reserved 1048576K
}
Event: 5.734 GC heap before
{Heap before GC invocations=27 (full 0):
 garbage-first heap   total 140288K, used 120453K [0x0000000080000000, 0x0000000100000000)
  region size 1024K, 37 young (37888K), 4 survivors (4096K)
 Metaspace       used 63614K, committed 64320K, reserved 1105920K
  class space    used 8972K, committed 9280K, reserved 1048576K
}
Event: 5.738 GC heap after
{Heap after GC invocations=28 (full 0):
 garbage-first heap   total 140288K, used 93189K [0x0000000080000000, 0x0000000100000000)
  region size 1024K, 5 young (5120K), 5 survivors (5120K)
 Metaspace       used 63614K, committed 64320K, reserved 1105920K
  class space    used 8972K, committed 9280K, reserved 1048576K
}
Event: 5.745 GC heap before
{Heap before GC invocations=28 (full 0):
 garbage-first heap   total 140288K, used 94213K [0x0000000080000000, 0x0000000100000000)
  region size 1024K, 6 young (6144K), 5 survivors (5120K)
 Metaspace       used 63745K, committed 64448K, reserved 1105920K
  class space    used 8995K, committed 9280K, reserved 1048576K
}
Event: 5.748 GC heap after
{Heap after GC invocations=29 (full 0):
 garbage-first heap   total 140288K, used 93656K [0x0000000080000000, 0x0000000100000000)
  region size 1024K, 1 young (1024K), 1 survivors (1024K)
 Metaspace       used 63745K, committed 64448K, reserved 1105920K
  class space    used 8995K, committed 9280K, reserved 1048576K
}
Event: 5.879 GC heap before
{Heap before GC invocations=29 (full 0):
 garbage-first heap   total 140288K, used 114136K [0x0000000080000000, 0x0000000100000000)
  region size 1024K, 21 young (21504K), 1 survivors (1024K)
 Metaspace       used 67135K, committed 67840K, reserved 1114112K
  class space    used 9392K, committed 9728K, reserved 1048576K
}
Event: 5.881 GC heap after
{Heap after GC invocations=30 (full 0):
 garbage-first heap   total 239616K, used 94174K [0x0000000080000000, 0x0000000100000000)
  region size 1024K, 1 young (1024K), 1 survivors (1024K)
 Metaspace       used 67135K, committed 67840K, reserved 1114112K
  class space    used 9392K, committed 9728K, reserved 1048576K
}
Event: 6.515 GC heap before
{Heap before GC invocations=31 (full 0):
 garbage-first heap   total 239616K, used 186334K [0x0000000080000000, 0x0000000100000000)
  region size 1024K, 85 young (87040K), 1 survivors (1024K)
 Metaspace       used 76489K, committed 77248K, reserved 1122304K
  class space    used 10670K, committed 11008K, reserved 1048576K
}
Event: 6.521 GC heap after
{Heap after GC invocations=32 (full 0):
 garbage-first heap   total 239616K, used 101095K [0x0000000080000000, 0x0000000100000000)
  region size 1024K, 8 young (8192K), 8 survivors (8192K)
 Metaspace       used 76489K, committed 77248K, reserved 1122304K
  class space    used 10670K, committed 11008K, reserved 1048576K
}
Event: 6.547 GC heap before
{Heap before GC invocations=32 (full 0):
 garbage-first heap   total 239616K, used 104167K [0x0000000080000000, 0x0000000100000000)
  region size 1024K, 11 young (11264K), 8 survivors (8192K)
 Metaspace       used 76850K, committed 77632K, reserved 1122304K
  class space    used 10719K, committed 11072K, reserved 1048576K
}
Event: 6.550 GC heap after
{Heap after GC invocations=33 (full 0):
 garbage-first heap   total 239616K, used 101702K [0x0000000080000000, 0x0000000100000000)
  region size 1024K, 2 young (2048K), 2 survivors (2048K)
 Metaspace       used 76850K, committed 77632K, reserved 1122304K
  class space    used 10719K, committed 11072K, reserved 1048576K
}
Event: 7.044 GC heap before
{Heap before GC invocations=33 (full 0):
 garbage-first heap   total 239616K, used 182598K [0x0000000080000000, 0x0000000100000000)
  region size 1024K, 81 young (82944K), 2 survivors (2048K)
 Metaspace       used 84670K, committed 85440K, reserved 1122304K
  class space    used 11767K, committed 12096K, reserved 1048576K
}
Event: 7.048 GC heap after
{Heap after GC invocations=34 (full 0):
 garbage-first heap   total 239616K, used 107517K [0x0000000080000000, 0x0000000100000000)
  region size 1024K, 7 young (7168K), 7 survivors (7168K)
 Metaspace       used 84670K, committed 85440K, reserved 1122304K
  class space    used 11767K, committed 12096K, reserved 1048576K
}
Event: 7.534 GC heap before
{Heap before GC invocations=34 (full 0):
 garbage-first heap   total 239616K, used 196605K [0x0000000080000000, 0x0000000100000000)
  region size 1024K, 84 young (86016K), 7 survivors (7168K)
 Metaspace       used 93541K, committed 94272K, reserved 1130496K
  class space    used 12863K, committed 13184K, reserved 1048576K
}
Event: 7.544 GC heap after
{Heap after GC invocations=35 (full 0):
 garbage-first heap   total 239616K, used 129172K [0x0000000080000000, 0x0000000100000000)
  region size 1024K, 11 young (11264K), 11 survivors (11264K)
 Metaspace       used 93541K, committed 94272K, reserved 1130496K
  class space    used 12863K, committed 13184K, reserved 1048576K
}
Event: 7.680 GC heap before
{Heap before GC invocations=35 (full 0):
 garbage-first heap   total 239616K, used 189588K [0x0000000080000000, 0x0000000100000000)
  region size 1024K, 70 young (71680K), 11 survivors (11264K)
 Metaspace       used 93628K, committed 94400K, reserved 1130496K
  class space    used 12865K, committed 13184K, reserved 1048576K
}
Event: 7.695 GC heap after
{Heap after GC invocations=36 (full 0):
 garbage-first heap   total 239616K, used 139634K [0x0000000080000000, 0x0000000100000000)
  region size 1024K, 9 young (9216K), 9 survivors (9216K)
 Metaspace       used 93628K, committed 94400K, reserved 1130496K
  class space    used 12865K, committed 13184K, reserved 1048576K
}
Event: 7.968 GC heap before
{Heap before GC invocations=36 (full 0):
 garbage-first heap   total 239616K, used 192882K [0x0000000080000000, 0x0000000100000000)
  region size 1024K, 55 young (56320K), 9 survivors (9216K)
 Metaspace       used 98249K, committed 99008K, reserved 1138688K
  class space    used 13374K, committed 13696K, reserved 1048576K
}
Event: 7.975 GC heap after
{Heap after GC invocations=37 (full 0):
 garbage-first heap   total 239616K, used 152368K [0x0000000080000000, 0x0000000100000000)
  region size 1024K, 5 young (5120K), 5 survivors (5120K)
 Metaspace       used 98249K, committed 99008K, reserved 1138688K
  class space    used 13374K, committed 13696K, reserved 1048576K
}
Event: 8.211 GC heap before
{Heap before GC invocations=37 (full 0):
 garbage-first heap   total 239616K, used 193328K [0x0000000080000000, 0x0000000100000000)
  region size 1024K, 45 young (46080K), 5 survivors (5120K)
 Metaspace       used 103347K, committed 104064K, reserved 1146880K
  class space    used 13828K, committed 14144K, reserved 1048576K
}

