# JRE version: OpenJDK Runtime Environment (17.0.6) (build 17.0.6+0-b2043.56-10027231)
# Java VM: OpenJDK 64-Bit Server VM (17.0.6+0-b2043.56-10027231, mixed mode, tiered, compressed oops, compressed class ptrs, g1 gc, windows-amd64)
GC Precious Log:
 CPUs: 16 total, 16 available
 Memory: 16163M
 Large Page Support: Disabled
 NUMA Support: Disabled
 Compressed Oops: Enabled (32-bit)
 Heap Region Size: 1M
 Heap Min Capacity: 8M
 Heap Initial Capacity: 254M
 Heap Max Capacity: 2G
 Pre-touch: Disabled
 Parallel Workers: 13
 Concurrent Workers: 3
 Concurrent Refinement Workers: 13
 Periodic GC: Disabled
Heap:
 garbage-first heap   total 281600K, used 164470K [0x0000000080000000, 0x0000000100000000)
  region size 1024K, 2 young (2048K), 2 survivors (2048K)
 Metaspace       used 93432K, committed 94272K, reserved 1130496K
  class space    used 12783K, committed 13184K, reserved 1048576K
GC Heap History (20 events):
Event: 4.110 GC heap after
{Heap after GC invocations=29 (full 0):
 garbage-first heap   total 138240K, used 91471K [0x0000000080000000, 0x0000000100000000)
  region size 1024K, 5 young (5120K), 5 survivors (5120K)
 Metaspace       used 59858K, committed 60480K, reserved 1105920K
  class space    used 8017K, committed 8320K, reserved 1048576K
}
Event: 4.117 GC heap before
{Heap before GC invocations=29 (full 0):
 garbage-first heap   total 138240K, used 91471K [0x0000000080000000, 0x0000000100000000)
  region size 1024K, 6 young (6144K), 5 survivors (5120K)
 Metaspace       used 59953K, committed 60544K, reserved 1105920K
  class space    used 8038K, committed 8320K, reserved 1048576K
}
Event: 4.119 GC heap after
{Heap after GC invocations=30 (full 0):
 garbage-first heap   total 237568K, used 91892K [0x0000000080000000, 0x0000000100000000)
  region size 1024K, 1 young (1024K), 1 survivors (1024K)
 Metaspace       used 59953K, committed 60544K, reserved 1105920K
  class space    used 8038K, committed 8320K, reserved 1048576K
}
Event: 4.619 GC heap before
{Heap before GC invocations=30 (full 0):
 garbage-first heap   total 237568K, used 163572K [0x0000000080000000, 0x0000000100000000)
  region size 1024K, 65 young (66560K), 1 survivors (1024K)
 Metaspace       used 68700K, committed 69376K, reserved 1114112K
  class space    used 9147K, committed 9472K, reserved 1048576K
}
Event: 4.621 GC heap after
{Heap after GC invocations=31 (full 0):
 garbage-first heap   total 237568K, used 96924K [0x0000000080000000, 0x0000000100000000)
  region size 1024K, 6 young (6144K), 6 survivors (6144K)
 Metaspace       used 68700K, committed 69376K, reserved 1114112K
  class space    used 9147K, committed 9472K, reserved 1048576K
}
Event: 5.188 GC heap before
{Heap before GC invocations=31 (full 0):
 garbage-first heap   total 237568K, used 182940K [0x0000000080000000, 0x0000000100000000)
  region size 1024K, 90 young (92160K), 6 survivors (6144K)
 Metaspace       used 77997K, committed 78720K, reserved 1122304K
  class space    used 10425K, committed 10752K, reserved 1048576K
}
Event: 5.193 GC heap after
{Heap after GC invocations=32 (full 0):
 garbage-first heap   total 237568K, used 102639K [0x0000000080000000, 0x0000000100000000)
  region size 1024K, 11 young (11264K), 11 survivors (11264K)
 Metaspace       used 77997K, committed 78720K, reserved 1122304K
  class space    used 10425K, committed 10752K, reserved 1048576K
}
Event: 5.797 GC heap before
{Heap before GC invocations=32 (full 0):
 garbage-first heap   total 237568K, used 184559K [0x0000000080000000, 0x0000000100000000)
  region size 1024K, 91 young (93184K), 11 survivors (11264K)
 Metaspace       used 85427K, committed 86144K, reserved 1130496K
  class space    used 11633K, committed 11968K, reserved 1048576K
}
Event: 5.806 GC heap after
{Heap after GC invocations=33 (full 0):
 garbage-first heap   total 237568K, used 109037K [0x0000000080000000, 0x0000000100000000)
  region size 1024K, 12 young (12288K), 12 survivors (12288K)
 Metaspace       used 85427K, committed 86144K, reserved 1130496K
  class space    used 11633K, committed 11968K, reserved 1048576K
}
Event: 6.103 GC heap before
{Heap before GC invocations=33 (full 0):
 garbage-first heap   total 237568K, used 147949K [0x0000000080000000, 0x0000000100000000)
  region size 1024K, 44 young (45056K), 12 survivors (12288K)
 Metaspace       used 88845K, committed 89600K, reserved 1130496K
  class space    used 12101K, committed 12416K, reserved 1048576K
}
Event: 6.111 GC heap after
{Heap after GC invocations=34 (full 0):
 garbage-first heap   total 237568K, used 122306K [0x0000000080000000, 0x0000000100000000)
  region size 1024K, 12 young (12288K), 12 survivors (12288K)
 Metaspace       used 88845K, committed 89600K, reserved 1130496K
  class space    used 12101K, committed 12416K, reserved 1048576K
}
Event: 6.563 GC heap before
{Heap before GC invocations=35 (full 0):
 garbage-first heap   total 237568K, used 208322K [0x0000000080000000, 0x0000000100000000)
  region size 1024K, 79 young (80896K), 12 survivors (12288K)
 Metaspace       used 93397K, committed 94208K, reserved 1130496K
  class space    used 12783K, committed 13184K, reserved 1048576K
}
Event: 6.573 GC heap after
{Heap after GC invocations=36 (full 0):
 garbage-first heap   total 237568K, used 149473K [0x0000000080000000, 0x0000000100000000)
  region size 1024K, 10 young (10240K), 10 survivors (10240K)
 Metaspace       used 93397K, committed 94208K, reserved 1130496K
  class space    used 12783K, committed 13184K, reserved 1048576K
}
Event: 6.577 GC heap before
{Heap before GC invocations=36 (full 0):
 garbage-first heap   total 237568K, used 150497K [0x0000000080000000, 0x0000000100000000)
  region size 1024K, 11 young (11264K), 10 survivors (10240K)
 Metaspace       used 93397K, committed 94208K, reserved 1130496K
  class space    used 12783K, committed 13184K, reserved 1048576K
}
Event: 6.582 GC heap after
{Heap after GC invocations=37 (full 0):
 garbage-first heap   total 237568K, used 150051K [0x0000000080000000, 0x0000000100000000)
  region size 1024K, 2 young (2048K), 2 survivors (2048K)
 Metaspace       used 93397K, committed 94208K, reserved 1130496K
  class space    used 12783K, committed 13184K, reserved 1048576K
}
Event: 6.694 GC heap before
{Heap before GC invocations=37 (full 0):
 garbage-first heap   total 237568K, used 194083K [0x0000000080000000, 0x0000000100000000)
  region size 1024K, 45 young (46080K), 2 survivors (2048K)
 Metaspace       used 93408K, committed 94208K, reserved 1130496K
  class space    used 12783K, committed 13184K, reserved 1048576K
}
Event: 6.702 GC heap after
{Heap after GC invocations=38 (full 0):
 garbage-first heap   total 237568K, used 165182K [0x0000000080000000, 0x0000000100000000)
  region size 1024K, 6 young (6144K), 6 survivors (6144K)
 Metaspace       used 93408K, committed 94208K, reserved 1130496K
  class space    used 12783K, committed 13184K, reserved 1048576K
}
Event: 6.834 GC heap before
{Heap before GC invocations=39 (full 0):
 garbage-first heap   total 281600K, used 188734K [0x0000000080000000, 0x0000000100000000)
  region size 1024K, 34 young (34816K), 6 survivors (6144K)
 Metaspace       used 93432K, committed 94272K, reserved 1130496K
  class space    used 12783K, committed 13184K, reserved 1048576K
}
Event: 6.838 GC heap after
{Heap after GC invocations=40 (full 0):
 garbage-first heap   total 281600K, used 164107K [0x0000000080000000, 0x0000000100000000)
  region size 1024K, 3 young (3072K), 3 survivors (3072K)
 Metaspace       used 93432K, committed 94272K, reserved 1130496K
  class space    used 12783K, committed 13184K, reserved 1048576K
}
Event: 6.874 GC heap before
{Heap before GC invocations=40 (full 0):
 garbage-first heap   total 281600K, used 173323K [0x0000000080000000, 0x0000000100000000)
  region size 1024K, 13 young (13312K), 3 survivors (3072K)
 Metaspace       used 93432K, committed 94272K, reserved 1130496K
  class space    used 12783K, committed 13184K, reserved 1048576K
}

