# JRE version: OpenJDK Runtime Environment (17.0.6) (build 17.0.6+0-b2043.56-10027231)
# Java VM: OpenJDK 64-Bit Server VM (17.0.6+0-b2043.56-10027231, mixed mode, tiered, compressed oops, compressed class ptrs, g1 gc, windows-amd64)
GC Precious Log:
 CPUs: 16 total, 16 available
 Memory: 16163M
 Large Page Support: Disabled
 NUMA Support: Disabled
 Compressed Oops: Enabled (32-bit)
 Heap Region Size: 1M
 Heap Min Capacity: 8M
 Heap Initial Capacity: 254M
 Heap Max Capacity: 2G
 Pre-touch: Disabled
 Parallel Workers: 13
 Concurrent Workers: 3
 Concurrent Refinement Workers: 13
 Periodic GC: Disabled
Heap:
 garbage-first heap   total 291840K, used 171333K [0x0000000080000000, 0x0000000100000000)
  region size 1024K, 5 young (5120K), 5 survivors (5120K)
 Metaspace       used 93365K, committed 94144K, reserved 1130496K
  class space    used 12787K, committed 13120K, reserved 1048576K
GC Heap History (20 events):
Event: 5.807 GC heap after
{Heap after GC invocations=39 (full 0):
 garbage-first heap   total 186368K, used 108511K [0x0000000080000000, 0x0000000100000000)
  region size 1024K, 1 young (1024K), 1 survivors (1024K)
 Metaspace       used 85633K, committed 86336K, reserved 1130496K
  class space    used 11683K, committed 12032K, reserved 1048576K
}
Event: 6.079 GC heap before
{Heap before GC invocations=39 (full 0):
 garbage-first heap   total 186368K, used 134111K [0x0000000080000000, 0x0000000100000000)
  region size 1024K, 27 young (27648K), 1 survivors (1024K)
 Metaspace       used 88754K, committed 89472K, reserved 1130496K
  class space    used 12104K, committed 12416K, reserved 1048576K
}
Event: 6.082 GC heap after
{Heap after GC invocations=40 (full 0):
 garbage-first heap   total 186368K, used 110437K [0x0000000080000000, 0x0000000100000000)
  region size 1024K, 3 young (3072K), 3 survivors (3072K)
 Metaspace       used 88754K, committed 89472K, reserved 1130496K
  class space    used 12104K, committed 12416K, reserved 1048576K
}
Event: 6.408 GC heap before
{Heap before GC invocations=41 (full 0):
 garbage-first heap   total 230400K, used 170853K [0x0000000080000000, 0x0000000100000000)
  region size 1024K, 41 young (41984K), 3 survivors (3072K)
 Metaspace       used 92072K, committed 92800K, reserved 1130496K
  class space    used 12607K, committed 12928K, reserved 1048576K
}
Event: 6.412 GC heap after
{Heap after GC invocations=42 (full 0):
 garbage-first heap   total 230400K, used 139170K [0x0000000080000000, 0x0000000100000000)
  region size 1024K, 6 young (6144K), 6 survivors (6144K)
 Metaspace       used 92072K, committed 92800K, reserved 1130496K
  class space    used 12607K, committed 12928K, reserved 1048576K
}
Event: 6.429 GC heap before
{Heap before GC invocations=42 (full 0):
 garbage-first heap   total 230400K, used 144290K [0x0000000080000000, 0x0000000100000000)
  region size 1024K, 11 young (11264K), 6 survivors (6144K)
 Metaspace       used 92178K, committed 92928K, reserved 1130496K
  class space    used 12618K, committed 12928K, reserved 1048576K
}
Event: 6.432 GC heap after
{Heap after GC invocations=43 (full 0):
 garbage-first heap   total 276480K, used 140161K [0x0000000080000000, 0x0000000100000000)
  region size 1024K, 1 young (1024K), 1 survivors (1024K)
 Metaspace       used 92178K, committed 92928K, reserved 1130496K
  class space    used 12618K, committed 12928K, reserved 1048576K
}
Event: 6.653 GC heap before
{Heap before GC invocations=43 (full 0):
 garbage-first heap   total 276480K, used 206721K [0x0000000080000000, 0x0000000100000000)
  region size 1024K, 63 young (64512K), 1 survivors (1024K)
 Metaspace       used 93330K, committed 94080K, reserved 1130496K
  class space    used 12786K, committed 13120K, reserved 1048576K
}
Event: 6.662 GC heap after
{Heap after GC invocations=44 (full 0):
 garbage-first heap   total 276480K, used 159384K [0x0000000080000000, 0x0000000100000000)
  region size 1024K, 8 young (8192K), 8 survivors (8192K)
 Metaspace       used 93330K, committed 94080K, reserved 1130496K
  class space    used 12786K, committed 13120K, reserved 1048576K
}
Event: 6.882 GC heap before
{Heap before GC invocations=45 (full 0):
 garbage-first heap   total 280576K, used 212632K [0x0000000080000000, 0x0000000100000000)
  region size 1024K, 61 young (62464K), 8 survivors (8192K)
 Metaspace       used 93355K, committed 94144K, reserved 1130496K
  class space    used 12787K, committed 13120K, reserved 1048576K
}
Event: 6.889 GC heap after
{Heap after GC invocations=46 (full 0):
 garbage-first heap   total 280576K, used 163268K [0x0000000080000000, 0x0000000100000000)
  region size 1024K, 6 young (6144K), 6 survivors (6144K)
 Metaspace       used 93355K, committed 94144K, reserved 1130496K
  class space    used 12787K, committed 13120K, reserved 1048576K
}
Event: 6.917 GC heap before
{Heap before GC invocations=46 (full 0):
 garbage-first heap   total 280576K, used 170436K [0x0000000080000000, 0x0000000100000000)
  region size 1024K, 13 young (13312K), 6 survivors (6144K)
 Metaspace       used 93364K, committed 94144K, reserved 1130496K
  class space    used 12787K, committed 13120K, reserved 1048576K
}
Event: 6.920 GC heap after
{Heap after GC invocations=47 (full 0):
 garbage-first heap   total 280576K, used 164210K [0x0000000080000000, 0x0000000100000000)
  region size 1024K, 2 young (2048K), 2 survivors (2048K)
 Metaspace       used 93364K, committed 94144K, reserved 1130496K
  class space    used 12787K, committed 13120K, reserved 1048576K
}
Event: 7.061 GC heap before
{Heap before GC invocations=47 (full 0):
 garbage-first heap   total 280576K, used 219506K [0x0000000080000000, 0x0000000100000000)
  region size 1024K, 56 young (57344K), 2 survivors (2048K)
 Metaspace       used 93364K, committed 94144K, reserved 1130496K
  class space    used 12787K, committed 13120K, reserved 1048576K
}
Event: 7.063 GC heap after
{Heap after GC invocations=48 (full 0):
 garbage-first heap   total 280576K, used 166961K [0x0000000080000000, 0x0000000100000000)
  region size 1024K, 5 young (5120K), 5 survivors (5120K)
 Metaspace       used 93364K, committed 94144K, reserved 1130496K
  class space    used 12787K, committed 13120K, reserved 1048576K
}
Event: 7.296 GC heap before
{Heap before GC invocations=49 (full 0):
 garbage-first heap   total 291840K, used 224305K [0x0000000080000000, 0x0000000100000000)
  region size 1024K, 61 young (62464K), 5 survivors (5120K)
 Metaspace       used 93365K, committed 94144K, reserved 1130496K
  class space    used 12787K, committed 13120K, reserved 1048576K
}
Event: 7.300 GC heap after
{Heap after GC invocations=50 (full 0):
 garbage-first heap   total 291840K, used 169168K [0x0000000080000000, 0x0000000100000000)
  region size 1024K, 7 young (7168K), 7 survivors (7168K)
 Metaspace       used 93365K, committed 94144K, reserved 1130496K
  class space    used 12787K, committed 13120K, reserved 1048576K
}
Event: 7.328 GC heap before
{Heap before GC invocations=50 (full 0):
 garbage-first heap   total 291840K, used 175312K [0x0000000080000000, 0x0000000100000000)
  region size 1024K, 14 young (14336K), 7 survivors (7168K)
 Metaspace       used 93365K, committed 94144K, reserved 1130496K
  class space    used 12787K, committed 13120K, reserved 1048576K
}
Event: 7.331 GC heap after
{Heap after GC invocations=51 (full 0):
 garbage-first heap   total 291840K, used 168064K [0x0000000080000000, 0x0000000100000000)
  region size 1024K, 2 young (2048K), 2 survivors (2048K)
 Metaspace       used 93365K, committed 94144K, reserved 1130496K
  class space    used 12787K, committed 13120K, reserved 1048576K
}
Event: 7.535 GC heap before
{Heap before GC invocations=51 (full 0):
 garbage-first heap   total 291840K, used 236672K [0x0000000080000000, 0x0000000100000000)
  region size 1024K, 69 young (70656K), 2 survivors (2048K)
 Metaspace       used 93365K, committed 94144K, reserved 1130496K
  class space    used 12787K, committed 13120K, reserved 1048576K
}

