# JRE version: OpenJDK Runtime Environment (17.0.6) (build 17.0.6+0-b2043.56-10027231)
# Java VM: OpenJDK 64-Bit Server VM (17.0.6+0-b2043.56-10027231, mixed mode, tiered, compressed oops, compressed class ptrs, g1 gc, windows-amd64)
GC Precious Log:
 CPUs: 16 total, 16 available
 Memory: 16163M
 Large Page Support: Disabled
 NUMA Support: Disabled
 Compressed Oops: Enabled (32-bit)
 Heap Region Size: 1M
 Heap Min Capacity: 8M
 Heap Initial Capacity: 254M
 Heap Max Capacity: 2G
 Pre-touch: Disabled
 Parallel Workers: 13
 Concurrent Workers: 3
 Concurrent Refinement Workers: 13
 Periodic GC: Disabled
Heap:
 garbage-first heap   total 300032K, used 178439K [0x0000000080000000, 0x0000000100000000)
  region size 1024K, 9 young (9216K), 9 survivors (9216K)
 Metaspace       used 121106K, committed 121920K, reserved 1155072K
  class space    used 15856K, committed 16256K, reserved 1048576K
GC Heap History (20 events):
Event: 4.144 GC heap after
{Heap after GC invocations=30 (full 0):
 garbage-first heap   total 300032K, used 91966K [0x0000000080000000, 0x0000000100000000)
  region size 1024K, 1 young (1024K), 1 survivors (1024K)
 Metaspace       used 66517K, committed 67200K, reserved 1114112K
  class space    used 9330K, committed 9600K, reserved 1048576K
}
Event: 4.883 GC heap before
{Heap before GC invocations=30 (full 0):
 garbage-first heap   total 300032K, used 193342K [0x0000000080000000, 0x0000000100000000)
  region size 1024K, 94 young (96256K), 1 survivors (1024K)
 Metaspace       used 77067K, committed 77760K, reserved 1122304K
  class space    used 10771K, committed 11072K, reserved 1048576K
}
Event: 4.886 GC heap after
{Heap after GC invocations=31 (full 0):
 garbage-first heap   total 300032K, used 99141K [0x0000000080000000, 0x0000000100000000)
  region size 1024K, 8 young (8192K), 8 survivors (8192K)
 Metaspace       used 77067K, committed 77760K, reserved 1122304K
  class space    used 10771K, committed 11072K, reserved 1048576K
}
Event: 5.732 GC heap before
{Heap before GC invocations=31 (full 0):
 garbage-first heap   total 300032K, used 230213K [0x0000000080000000, 0x0000000100000000)
  region size 1024K, 132 young (135168K), 8 survivors (8192K)
 Metaspace       used 92519K, committed 93248K, reserved 1130496K
  class space    used 12745K, committed 13056K, reserved 1048576K
}
Event: 5.740 GC heap after
{Heap after GC invocations=32 (full 0):
 garbage-first heap   total 300032K, used 111530K [0x0000000080000000, 0x0000000100000000)
  region size 1024K, 16 young (16384K), 16 survivors (16384K)
 Metaspace       used 92519K, committed 93248K, reserved 1130496K
  class space    used 12745K, committed 13056K, reserved 1048576K
}
Event: 6.151 GC heap before
{Heap before GC invocations=32 (full 0):
 garbage-first heap   total 300032K, used 232362K [0x0000000080000000, 0x0000000100000000)
  region size 1024K, 129 young (132096K), 16 survivors (16384K)
 Metaspace       used 96416K, committed 97152K, reserved 1138688K
  class space    used 13167K, committed 13504K, reserved 1048576K
}
Event: 6.172 GC heap after
{Heap after GC invocations=33 (full 0):
 garbage-first heap   total 300032K, used 138345K [0x0000000080000000, 0x0000000100000000)
  region size 1024K, 17 young (17408K), 17 survivors (17408K)
 Metaspace       used 96416K, committed 97152K, reserved 1138688K
  class space    used 13167K, committed 13504K, reserved 1048576K
}
Event: 6.452 GC heap before
{Heap before GC invocations=33 (full 0):
 garbage-first heap   total 300032K, used 198761K [0x0000000080000000, 0x0000000100000000)
  region size 1024K, 71 young (72704K), 17 survivors (17408K)
 Metaspace       used 101960K, committed 102656K, reserved 1138688K
  class space    used 13689K, committed 14016K, reserved 1048576K
}
Event: 6.465 GC heap after
{Heap after GC invocations=34 (full 0):
 garbage-first heap   total 300032K, used 154437K [0x0000000080000000, 0x0000000100000000)
  region size 1024K, 8 young (8192K), 8 survivors (8192K)
 Metaspace       used 101960K, committed 102656K, reserved 1138688K
  class space    used 13689K, committed 14016K, reserved 1048576K
}
Event: 6.987 GC heap before
{Heap before GC invocations=35 (full 0):
 garbage-first heap   total 300032K, used 238405K [0x0000000080000000, 0x0000000100000000)
  region size 1024K, 89 young (91136K), 8 survivors (8192K)
 Metaspace       used 111284K, committed 112064K, reserved 1146880K
  class space    used 14820K, committed 15168K, reserved 1048576K
}
Event: 6.992 GC heap after
{Heap after GC invocations=36 (full 0):
 garbage-first heap   total 300032K, used 159864K [0x0000000080000000, 0x0000000100000000)
  region size 1024K, 6 young (6144K), 6 survivors (6144K)
 Metaspace       used 111284K, committed 112064K, reserved 1146880K
  class space    used 14820K, committed 15168K, reserved 1048576K
}
Event: 7.004 GC heap before
{Heap before GC invocations=36 (full 0):
 garbage-first heap   total 300032K, used 168056K [0x0000000080000000, 0x0000000100000000)
  region size 1024K, 14 young (14336K), 6 survivors (6144K)
 Metaspace       used 111290K, committed 112064K, reserved 1146880K
  class space    used 14821K, committed 15168K, reserved 1048576K
}
Event: 7.008 GC heap after
{Heap after GC invocations=37 (full 0):
 garbage-first heap   total 300032K, used 160634K [0x0000000080000000, 0x0000000100000000)
  region size 1024K, 2 young (2048K), 2 survivors (2048K)
 Metaspace       used 111290K, committed 112064K, reserved 1146880K
  class space    used 14821K, committed 15168K, reserved 1048576K
}
Event: 7.551 GC heap before
{Heap before GC invocations=37 (full 0):
 garbage-first heap   total 300032K, used 240506K [0x0000000080000000, 0x0000000100000000)
  region size 1024K, 80 young (81920K), 2 survivors (2048K)
 Metaspace       used 114646K, committed 115328K, reserved 1155072K
  class space    used 15182K, committed 15488K, reserved 1048576K
}
Event: 7.558 GC heap after
{Heap after GC invocations=38 (full 0):
 garbage-first heap   total 300032K, used 166094K [0x0000000080000000, 0x0000000100000000)
  region size 1024K, 8 young (8192K), 8 survivors (8192K)
 Metaspace       used 114646K, committed 115328K, reserved 1155072K
  class space    used 15182K, committed 15488K, reserved 1048576K
}
Event: 38.149 GC heap before
{Heap before GC invocations=39 (full 0):
 garbage-first heap   total 300032K, used 241870K [0x0000000080000000, 0x0000000100000000)
  region size 1024K, 82 young (83968K), 8 survivors (8192K)
 Metaspace       used 120369K, committed 121280K, reserved 1155072K
  class space    used 15832K, committed 16256K, reserved 1048576K
}
Event: 38.156 GC heap after
{Heap after GC invocations=40 (full 0):
 garbage-first heap   total 300032K, used 171644K [0x0000000080000000, 0x0000000100000000)
  region size 1024K, 6 young (6144K), 6 survivors (6144K)
 Metaspace       used 120369K, committed 121280K, reserved 1155072K
  class space    used 15832K, committed 16256K, reserved 1048576K
}
Event: 38.206 GC heap before
{Heap before GC invocations=40 (full 0):
 garbage-first heap   total 300032K, used 179836K [0x0000000080000000, 0x0000000100000000)
  region size 1024K, 14 young (14336K), 6 survivors (6144K)
 Metaspace       used 120505K, committed 121408K, reserved 1155072K
  class space    used 15845K, committed 16256K, reserved 1048576K
}
Event: 38.210 GC heap after
{Heap after GC invocations=41 (full 0):
 garbage-first heap   total 300032K, used 171504K [0x0000000080000000, 0x0000000100000000)
  region size 1024K, 2 young (2048K), 2 survivors (2048K)
 Metaspace       used 120505K, committed 121408K, reserved 1155072K
  class space    used 15845K, committed 16256K, reserved 1048576K
}
Event: 38.587 GC heap before
{Heap before GC invocations=41 (full 0):
 garbage-first heap   total 300032K, used 244208K [0x0000000080000000, 0x0000000100000000)
  region size 1024K, 74 young (75776K), 2 survivors (2048K)
 Metaspace       used 121106K, committed 121920K, reserved 1155072K
  class space    used 15856K, committed 16256K, reserved 1048576K
}

