# JRE version: OpenJDK Runtime Environment (17.0.6) (build 17.0.6+0-b2043.56-10027231)
# Java VM: OpenJDK 64-Bit Server VM (17.0.6+0-b2043.56-10027231, mixed mode, tiered, compressed oops, compressed class ptrs, g1 gc, windows-amd64)
GC Precious Log:
 CPUs: 16 total, 16 available
 Memory: 16163M
 Large Page Support: Disabled
 NUMA Support: Disabled
 Compressed Oops: Enabled (32-bit)
 Heap Region Size: 1M
 Heap Min Capacity: 8M
 Heap Initial Capacity: 254M
 Heap Max Capacity: 2G
 Pre-touch: Disabled
 Parallel Workers: 13
 Concurrent Workers: 3
 Concurrent Refinement Workers: 13
 Periodic GC: Disabled
Heap:
 garbage-first heap   total 290816K, used 240740K [0x0000000080000000, 0x0000000100000000)
  region size 1024K, 68 young (69632K), 2 survivors (2048K)
 Metaspace       used 136096K, committed 136832K, reserved 1171456K
  class space    used 17537K, committed 17856K, reserved 1048576K
GC Heap History (20 events):
Event: 4.428 GC heap before
{Heap before GC invocations=30 (full 0):
 garbage-first heap   total 160768K, used 99966K [0x0000000080000000, 0x0000000100000000)
  region size 1024K, 7 young (7168K), 4 survivors (4096K)
 Metaspace       used 68540K, committed 69248K, reserved 1114112K
  class space    used 9140K, committed 9472K, reserved 1048576K
}
Event: 4.430 GC heap after
{Heap after GC invocations=31 (full 0):
 garbage-first heap   total 290816K, used 97242K [0x0000000080000000, 0x0000000100000000)
  region size 1024K, 1 young (1024K), 1 survivors (1024K)
 Metaspace       used 68540K, committed 69248K, reserved 1114112K
  class space    used 9140K, committed 9472K, reserved 1048576K
}
Event: 5.057 GC heap before
{Heap before GC invocations=31 (full 0):
 garbage-first heap   total 290816K, used 193498K [0x0000000080000000, 0x0000000100000000)
  region size 1024K, 95 young (97280K), 1 survivors (1024K)
 Metaspace       used 78643K, committed 79296K, reserved 1122304K
  class space    used 10508K, committed 10816K, reserved 1048576K
}
Event: 5.062 GC heap after
{Heap after GC invocations=32 (full 0):
 garbage-first heap   total 290816K, used 103887K [0x0000000080000000, 0x0000000100000000)
  region size 1024K, 8 young (8192K), 8 survivors (8192K)
 Metaspace       used 78643K, committed 79296K, reserved 1122304K
  class space    used 10508K, committed 10816K, reserved 1048576K
}
Event: 5.780 GC heap before
{Heap before GC invocations=32 (full 0):
 garbage-first heap   total 290816K, used 228815K [0x0000000080000000, 0x0000000100000000)
  region size 1024K, 120 young (122880K), 8 survivors (8192K)
 Metaspace       used 92248K, committed 92992K, reserved 1130496K
  class space    used 12686K, committed 12992K, reserved 1048576K
}
Event: 5.791 GC heap after
{Heap after GC invocations=33 (full 0):
 garbage-first heap   total 290816K, used 125774K [0x0000000080000000, 0x0000000100000000)
  region size 1024K, 15 young (15360K), 15 survivors (15360K)
 Metaspace       used 92248K, committed 92992K, reserved 1130496K
  class space    used 12686K, committed 12992K, reserved 1048576K
}
Event: 6.199 GC heap before
{Heap before GC invocations=33 (full 0):
 garbage-first heap   total 290816K, used 236366K [0x0000000080000000, 0x0000000100000000)
  region size 1024K, 117 young (119808K), 15 survivors (15360K)
 Metaspace       used 96927K, committed 97664K, reserved 1138688K
  class space    used 13200K, committed 13504K, reserved 1048576K
}
Event: 6.218 GC heap after
{Heap after GC invocations=34 (full 0):
 garbage-first heap   total 290816K, used 148237K [0x0000000080000000, 0x0000000100000000)
  region size 1024K, 15 young (15360K), 15 survivors (15360K)
 Metaspace       used 96927K, committed 97664K, reserved 1138688K
  class space    used 13200K, committed 13504K, reserved 1048576K
}
Event: 6.692 GC heap before
{Heap before GC invocations=34 (full 0):
 garbage-first heap   total 290816K, used 227085K [0x0000000080000000, 0x0000000100000000)
  region size 1024K, 92 young (94208K), 15 survivors (15360K)
 Metaspace       used 106396K, committed 107072K, reserved 1146880K
  class space    used 14167K, committed 14464K, reserved 1048576K
}
Event: 6.700 GC heap after
{Heap after GC invocations=35 (full 0):
 garbage-first heap   total 290816K, used 157810K [0x0000000080000000, 0x0000000100000000)
  region size 1024K, 8 young (8192K), 8 survivors (8192K)
 Metaspace       used 106396K, committed 107072K, reserved 1146880K
  class space    used 14167K, committed 14464K, reserved 1048576K
}
Event: 7.156 GC heap before
{Heap before GC invocations=36 (full 0):
 garbage-first heap   total 290816K, used 232562K [0x0000000080000000, 0x0000000100000000)
  region size 1024K, 80 young (81920K), 8 survivors (8192K)
 Metaspace       used 111747K, committed 112448K, reserved 1146880K
  class space    used 14869K, committed 15168K, reserved 1048576K
}
Event: 7.161 GC heap after
{Heap after GC invocations=37 (full 0):
 garbage-first heap   total 290816K, used 162302K [0x0000000080000000, 0x0000000100000000)
  region size 1024K, 5 young (5120K), 5 survivors (5120K)
 Metaspace       used 111747K, committed 112448K, reserved 1146880K
  class space    used 14869K, committed 15168K, reserved 1048576K
}
Event: 7.248 GC heap before
{Heap before GC invocations=37 (full 0):
 garbage-first heap   total 290816K, used 170494K [0x0000000080000000, 0x0000000100000000)
  region size 1024K, 14 young (14336K), 5 survivors (5120K)
 Metaspace       used 112996K, committed 113792K, reserved 1155072K
  class space    used 15006K, committed 15360K, reserved 1048576K
}
Event: 7.254 GC heap after
{Heap after GC invocations=38 (full 0):
 garbage-first heap   total 290816K, used 162895K [0x0000000080000000, 0x0000000100000000)
  region size 1024K, 2 young (2048K), 2 survivors (2048K)
 Metaspace       used 112996K, committed 113792K, reserved 1155072K
  class space    used 15006K, committed 15360K, reserved 1048576K
}
Event: 7.644 GC heap before
{Heap before GC invocations=38 (full 0):
 garbage-first heap   total 290816K, used 236623K [0x0000000080000000, 0x0000000100000000)
  region size 1024K, 74 young (75776K), 2 survivors (2048K)
 Metaspace       used 116075K, committed 116800K, reserved 1155072K
  class space    used 15310K, committed 15616K, reserved 1048576K
}
Event: 7.649 GC heap after
{Heap after GC invocations=39 (full 0):
 garbage-first heap   total 290816K, used 169221K [0x0000000080000000, 0x0000000100000000)
  region size 1024K, 8 young (8192K), 8 survivors (8192K)
 Metaspace       used 116075K, committed 116800K, reserved 1155072K
  class space    used 15310K, committed 15616K, reserved 1048576K
}
Event: 8.277 GC heap before
{Heap before GC invocations=40 (full 0):
 garbage-first heap   total 290816K, used 238853K [0x0000000080000000, 0x0000000100000000)
  region size 1024K, 76 young (77824K), 8 survivors (8192K)
 Metaspace       used 124279K, committed 124992K, reserved 1163264K
  class space    used 16243K, committed 16576K, reserved 1048576K
}
Event: 8.283 GC heap after
{Heap after GC invocations=41 (full 0):
 garbage-first heap   total 290816K, used 174464K [0x0000000080000000, 0x0000000100000000)
  region size 1024K, 6 young (6144K), 6 survivors (6144K)
 Metaspace       used 124279K, committed 124992K, reserved 1163264K
  class space    used 16243K, committed 16576K, reserved 1048576K
}
Event: 8.333 GC heap before
{Heap before GC invocations=41 (full 0):
 garbage-first heap   total 290816K, used 181632K [0x0000000080000000, 0x0000000100000000)
  region size 1024K, 14 young (14336K), 6 survivors (6144K)
 Metaspace       used 125246K, committed 126016K, reserved 1163264K
  class space    used 16358K, committed 16704K, reserved 1048576K
}
Event: 8.337 GC heap after
{Heap after GC invocations=42 (full 0):
 garbage-first heap   total 290816K, used 174180K [0x0000000080000000, 0x0000000100000000)
  region size 1024K, 2 young (2048K), 2 survivors (2048K)
 Metaspace       used 125246K, committed 126016K, reserved 1163264K
  class space    used 16358K, committed 16704K, reserved 1048576K
}

