# JRE version: OpenJDK Runtime Environment (17.0.6) (build 17.0.6+0-b2043.56-10027231)
# Java VM: OpenJDK 64-Bit Server VM (17.0.6+0-b2043.56-10027231, mixed mode, tiered, compressed oops, compressed class ptrs, g1 gc, windows-amd64)
GC Precious Log:
 CPUs: 16 total, 16 available
 Memory: 16163M
 Large Page Support: Disabled
 NUMA Support: Disabled
 Compressed Oops: Enabled (32-bit)
 Heap Region Size: 1M
 Heap Min Capacity: 8M
 Heap Initial Capacity: 254M
 Heap Max Capacity: 2G
 Pre-touch: Disabled
 Parallel Workers: 13
 Concurrent Workers: 3
 Concurrent Refinement Workers: 13
 Periodic GC: Disabled
Heap:
 garbage-first heap   total 312320K, used 188797K [0x0000000080000000, 0x0000000100000000)
  region size 1024K, 7 young (7168K), 7 survivors (7168K)
 Metaspace       used 109052K, committed 109888K, reserved 1146880K
  class space    used 14687K, committed 15104K, reserved 1048576K
GC Heap History (20 events):
Event: 4.461 GC heap after
{Heap after GC invocations=32 (full 0):
 garbage-first heap   total 312320K, used 98214K [0x0000000080000000, 0x0000000100000000)
  region size 1024K, 1 young (1024K), 1 survivors (1024K)
 Metaspace       used 68649K, committed 69376K, reserved 1114112K
  class space    used 9152K, committed 9472K, reserved 1048576K
}
Event: 5.318 GC heap before
{Heap before GC invocations=32 (full 0):
 garbage-first heap   total 312320K, used 229286K [0x0000000080000000, 0x0000000100000000)
  region size 1024K, 129 young (132096K), 1 survivors (1024K)
 Metaspace       used 80978K, committed 81728K, reserved 1122304K
  class space    used 10816K, committed 11136K, reserved 1048576K
}
Event: 5.326 GC heap after
{Heap after GC invocations=33 (full 0):
 garbage-first heap   total 312320K, used 108063K [0x0000000080000000, 0x0000000100000000)
  region size 1024K, 11 young (11264K), 11 survivors (11264K)
 Metaspace       used 80978K, committed 81728K, reserved 1122304K
  class space    used 10816K, committed 11136K, reserved 1048576K
}
Event: 6.326 GC heap before
{Heap before GC invocations=33 (full 0):
 garbage-first heap   total 312320K, used 258591K [0x0000000080000000, 0x0000000100000000)
  region size 1024K, 137 young (140288K), 11 survivors (11264K)
 Metaspace       used 93071K, committed 93824K, reserved 1130496K
  class space    used 12733K, committed 13056K, reserved 1048576K
}
Event: 6.337 GC heap after
{Heap after GC invocations=34 (full 0):
 garbage-first heap   total 312320K, used 143182K [0x0000000080000000, 0x0000000100000000)
  region size 1024K, 14 young (14336K), 14 survivors (14336K)
 Metaspace       used 93071K, committed 93824K, reserved 1130496K
  class space    used 12733K, committed 13056K, reserved 1048576K
}
Event: 6.640 GC heap before
{Heap before GC invocations=34 (full 0):
 garbage-first heap   total 312320K, used 247630K [0x0000000080000000, 0x0000000100000000)
  region size 1024K, 113 young (115712K), 14 survivors (14336K)
 Metaspace       used 93360K, committed 94144K, reserved 1130496K
  class space    used 12779K, committed 13120K, reserved 1048576K
}
Event: 6.658 GC heap after
{Heap after GC invocations=35 (full 0):
 garbage-first heap   total 312320K, used 164298K [0x0000000080000000, 0x0000000100000000)
  region size 1024K, 15 young (15360K), 15 survivors (15360K)
 Metaspace       used 93360K, committed 94144K, reserved 1130496K
  class space    used 12779K, committed 13120K, reserved 1048576K
}
Event: 6.959 GC heap before
{Heap before GC invocations=35 (full 0):
 garbage-first heap   total 312320K, used 245194K [0x0000000080000000, 0x0000000100000000)
  region size 1024K, 94 young (96256K), 15 survivors (15360K)
 Metaspace       used 93369K, committed 94144K, reserved 1130496K
  class space    used 12779K, committed 13120K, reserved 1048576K
}
Event: 6.967 GC heap after
{Heap after GC invocations=36 (full 0):
 garbage-first heap   total 312320K, used 169907K [0x0000000080000000, 0x0000000100000000)
  region size 1024K, 7 young (7168K), 7 survivors (7168K)
 Metaspace       used 93369K, committed 94144K, reserved 1130496K
  class space    used 12779K, committed 13120K, reserved 1048576K
}
Event: 7.415 GC heap before
{Heap before GC invocations=37 (full 0):
 garbage-first heap   total 312320K, used 250803K [0x0000000080000000, 0x0000000100000000)
  region size 1024K, 86 young (88064K), 7 survivors (7168K)
 Metaspace       used 93371K, committed 94144K, reserved 1130496K
  class space    used 12779K, committed 13120K, reserved 1048576K
}
Event: 7.419 GC heap after
{Heap after GC invocations=38 (full 0):
 garbage-first heap   total 312320K, used 172177K [0x0000000080000000, 0x0000000100000000)
  region size 1024K, 9 young (9216K), 9 survivors (9216K)
 Metaspace       used 93371K, committed 94144K, reserved 1130496K
  class space    used 12779K, committed 13120K, reserved 1048576K
}
Event: 7.441 GC heap before
{Heap before GC invocations=38 (full 0):
 garbage-first heap   total 312320K, used 178321K [0x0000000080000000, 0x0000000100000000)
  region size 1024K, 15 young (15360K), 9 survivors (9216K)
 Metaspace       used 93371K, committed 94144K, reserved 1130496K
  class space    used 12779K, committed 13120K, reserved 1048576K
}
Event: 7.444 GC heap after
{Heap after GC invocations=39 (full 0):
 garbage-first heap   total 312320K, used 171310K [0x0000000080000000, 0x0000000100000000)
  region size 1024K, 2 young (2048K), 2 survivors (2048K)
 Metaspace       used 93371K, committed 94144K, reserved 1130496K
  class space    used 12779K, committed 13120K, reserved 1048576K
}
Event: 7.694 GC heap before
{Heap before GC invocations=39 (full 0):
 garbage-first heap   total 312320K, used 254254K [0x0000000080000000, 0x0000000100000000)
  region size 1024K, 83 young (84992K), 2 survivors (2048K)
 Metaspace       used 93371K, committed 94144K, reserved 1130496K
  class space    used 12779K, committed 13120K, reserved 1048576K
}
Event: 7.697 GC heap after
{Heap after GC invocations=40 (full 0):
 garbage-first heap   total 312320K, used 174678K [0x0000000080000000, 0x0000000100000000)
  region size 1024K, 6 young (6144K), 6 survivors (6144K)
 Metaspace       used 93371K, committed 94144K, reserved 1130496K
  class space    used 12779K, committed 13120K, reserved 1048576K
}
Event: 8.068 GC heap before
{Heap before GC invocations=41 (full 0):
 garbage-first heap   total 312320K, used 272982K [0x0000000080000000, 0x0000000100000000)
  region size 1024K, 86 young (88064K), 6 survivors (6144K)
 Metaspace       used 96795K, committed 97600K, reserved 1138688K
  class space    used 13160K, committed 13504K, reserved 1048576K
}
Event: 8.075 GC heap after
{Heap after GC invocations=42 (full 0):
 garbage-first heap   total 312320K, used 183458K [0x0000000080000000, 0x0000000100000000)
  region size 1024K, 11 young (11264K), 11 survivors (11264K)
 Metaspace       used 96795K, committed 97600K, reserved 1138688K
  class space    used 13160K, committed 13504K, reserved 1048576K
}
Event: 8.109 GC heap before
{Heap before GC invocations=42 (full 0):
 garbage-first heap   total 312320K, used 187554K [0x0000000080000000, 0x0000000100000000)
  region size 1024K, 15 young (15360K), 11 survivors (11264K)
 Metaspace       used 97470K, committed 98240K, reserved 1138688K
  class space    used 13249K, committed 13632K, reserved 1048576K
}
Event: 8.116 GC heap after
{Heap after GC invocations=43 (full 0):
 garbage-first heap   total 312320K, used 184089K [0x0000000080000000, 0x0000000100000000)
  region size 1024K, 2 young (2048K), 2 survivors (2048K)
 Metaspace       used 97470K, committed 98240K, reserved 1138688K
  class space    used 13249K, committed 13632K, reserved 1048576K
}
Event: 8.806 GC heap before
{Heap before GC invocations=43 (full 0):
 garbage-first heap   total 312320K, used 254745K [0x0000000080000000, 0x0000000100000000)
  region size 1024K, 71 young (72704K), 2 survivors (2048K)
 Metaspace       used 109052K, committed 109888K, reserved 1146880K
  class space    used 14687K, committed 15104K, reserved 1048576K
}

