# JRE version: OpenJDK Runtime Environment (17.0.6) (build 17.0.6+0-b2043.56-10027231)
# Java VM: OpenJDK 64-Bit Server VM (17.0.6+0-b2043.56-10027231, mixed mode, tiered, compressed oops, compressed class ptrs, g1 gc, windows-amd64)
GC Precious Log:
 CPUs: 16 total, 16 available
 Memory: 16163M
 Large Page Support: Disabled
 NUMA Support: Disabled
 Compressed Oops: Enabled (32-bit)
 Heap Region Size: 1M
 Heap Min Capacity: 8M
 Heap Initial Capacity: 254M
 Heap Max Capacity: 2G
 Pre-touch: Disabled
 Parallel Workers: 13
 Concurrent Workers: 3
 Concurrent Refinement Workers: 13
 Periodic GC: Disabled
Heap:
 garbage-first heap   total 340992K, used 180283K [0x0000000080000000, 0x0000000100000000)
  region size 1024K, 8 young (8192K), 2 survivors (2048K)
 Metaspace       used 136964K, committed 137664K, reserved 1171456K
  class space    used 17656K, committed 17984K, reserved 1048576K
GC Heap History (20 events):
Event: 4.257 GC heap before
{Heap before GC invocations=22 (full 0):
 garbage-first heap   total 183296K, used 120107K [0x0000000080000000, 0x0000000100000000)
  region size 1024K, 34 young (34816K), 4 survivors (4096K)
 Metaspace       used 66983K, committed 67712K, reserved 1114112K
  class space    used 8927K, committed 9280K, reserved 1048576K
}
Event: 4.261 GC heap after
{Heap after GC invocations=23 (full 0):
 garbage-first heap   total 183296K, used 93037K [0x0000000080000000, 0x0000000100000000)
  region size 1024K, 5 young (5120K), 5 survivors (5120K)
 Metaspace       used 66983K, committed 67712K, reserved 1114112K
  class space    used 8927K, committed 9280K, reserved 1048576K
}
Event: 4.442 GC heap before
{Heap before GC invocations=24 (full 0):
 garbage-first heap   total 183296K, used 135021K [0x0000000080000000, 0x0000000100000000)
  region size 1024K, 40 young (40960K), 5 survivors (5120K)
 Metaspace       used 69358K, committed 70016K, reserved 1114112K
  class space    used 9241K, committed 9536K, reserved 1048576K
}
Event: 4.444 GC heap after
{Heap after GC invocations=25 (full 0):
 garbage-first heap   total 183296K, used 95921K [0x0000000080000000, 0x0000000100000000)
  region size 1024K, 5 young (5120K), 5 survivors (5120K)
 Metaspace       used 69358K, committed 70016K, reserved 1114112K
  class space    used 9241K, committed 9536K, reserved 1048576K
}
Event: 4.696 GC heap before
{Heap before GC invocations=25 (full 0):
 garbage-first heap   total 183296K, used 132785K [0x0000000080000000, 0x0000000100000000)
  region size 1024K, 41 young (41984K), 5 survivors (5120K)
 Metaspace       used 73264K, committed 73984K, reserved 1114112K
  class space    used 9805K, committed 10112K, reserved 1048576K
}
Event: 4.700 GC heap after
{Heap after GC invocations=26 (full 0):
 garbage-first heap   total 340992K, used 98470K [0x0000000080000000, 0x0000000100000000)
  region size 1024K, 3 young (3072K), 3 survivors (3072K)
 Metaspace       used 73264K, committed 73984K, reserved 1114112K
  class space    used 9805K, committed 10112K, reserved 1048576K
}
Event: 5.405 GC heap before
{Heap before GC invocations=27 (full 0):
 garbage-first heap   total 340992K, used 209062K [0x0000000080000000, 0x0000000100000000)
  region size 1024K, 108 young (110592K), 3 survivors (3072K)
 Metaspace       used 85379K, committed 86080K, reserved 1130496K
  class space    used 11336K, committed 11648K, reserved 1048576K
}
Event: 5.411 GC heap after
{Heap after GC invocations=28 (full 0):
 garbage-first heap   total 340992K, used 109651K [0x0000000080000000, 0x0000000100000000)
  region size 1024K, 10 young (10240K), 10 survivors (10240K)
 Metaspace       used 85379K, committed 86080K, reserved 1130496K
  class space    used 11336K, committed 11648K, reserved 1048576K
}
Event: 6.092 GC heap before
{Heap before GC invocations=28 (full 0):
 garbage-first heap   total 340992K, used 250963K [0x0000000080000000, 0x0000000100000000)
  region size 1024K, 143 young (146432K), 10 survivors (10240K)
 Metaspace       used 93948K, committed 94720K, reserved 1138688K
  class space    used 12892K, committed 13248K, reserved 1048576K
}
Event: 6.113 GC heap after
{Heap after GC invocations=29 (full 0):
 garbage-first heap   total 340992K, used 136616K [0x0000000080000000, 0x0000000100000000)
  region size 1024K, 18 young (18432K), 18 survivors (18432K)
 Metaspace       used 93948K, committed 94720K, reserved 1138688K
  class space    used 12892K, committed 13248K, reserved 1048576K
}
Event: 6.738 GC heap before
{Heap before GC invocations=29 (full 0):
 garbage-first heap   total 340992K, used 247208K [0x0000000080000000, 0x0000000100000000)
  region size 1024K, 120 young (122880K), 18 survivors (18432K)
 Metaspace       used 106697K, committed 107392K, reserved 1146880K
  class space    used 14209K, committed 14528K, reserved 1048576K
}
Event: 6.751 GC heap after
{Heap after GC invocations=30 (full 0):
 garbage-first heap   total 340992K, used 155324K [0x0000000080000000, 0x0000000100000000)
  region size 1024K, 11 young (11264K), 11 survivors (11264K)
 Metaspace       used 106697K, committed 107392K, reserved 1146880K
  class space    used 14209K, committed 14528K, reserved 1048576K
}
Event: 7.396 GC heap before
{Heap before GC invocations=30 (full 0):
 garbage-first heap   total 340992K, used 254652K [0x0000000080000000, 0x0000000100000000)
  region size 1024K, 107 young (109568K), 11 survivors (11264K)
 Metaspace       used 113400K, committed 114112K, reserved 1155072K
  class space    used 15013K, committed 15360K, reserved 1048576K
}
Event: 7.404 GC heap after
{Heap after GC invocations=31 (full 0):
 garbage-first heap   total 340992K, used 163285K [0x0000000080000000, 0x0000000100000000)
  region size 1024K, 8 young (8192K), 8 survivors (8192K)
 Metaspace       used 113400K, committed 114112K, reserved 1155072K
  class space    used 15013K, committed 15360K, reserved 1048576K
}
Event: 8.097 GC heap before
{Heap before GC invocations=31 (full 0):
 garbage-first heap   total 340992K, used 261589K [0x0000000080000000, 0x0000000100000000)
  region size 1024K, 104 young (106496K), 8 survivors (8192K)
 Metaspace       used 120666K, committed 121344K, reserved 1155072K
  class space    used 15733K, committed 16064K, reserved 1048576K
}
Event: 8.104 GC heap after
{Heap after GC invocations=32 (full 0):
 garbage-first heap   total 340992K, used 171490K [0x0000000080000000, 0x0000000100000000)
  region size 1024K, 13 young (13312K), 13 survivors (13312K)
 Metaspace       used 120666K, committed 121344K, reserved 1155072K
  class space    used 15733K, committed 16064K, reserved 1048576K
}
Event: 8.930 GC heap before
{Heap before GC invocations=33 (full 0):
 garbage-first heap   total 340992K, used 266722K [0x0000000080000000, 0x0000000100000000)
  region size 1024K, 106 young (108544K), 13 survivors (13312K)
 Metaspace       used 135203K, committed 135936K, reserved 1171456K
  class space    used 17411K, committed 17728K, reserved 1048576K
}
Event: 8.937 GC heap after
{Heap after GC invocations=34 (full 0):
 garbage-first heap   total 340992K, used 175519K [0x0000000080000000, 0x0000000100000000)
  region size 1024K, 4 young (4096K), 4 survivors (4096K)
 Metaspace       used 135203K, committed 135936K, reserved 1171456K
  class space    used 17411K, committed 17728K, reserved 1048576K
}
Event: 9.020 GC heap before
{Heap before GC invocations=34 (full 0):
 garbage-first heap   total 340992K, used 187807K [0x0000000080000000, 0x0000000100000000)
  region size 1024K, 16 young (16384K), 4 survivors (4096K)
 Metaspace       used 136432K, committed 137152K, reserved 1171456K
  class space    used 17590K, committed 17920K, reserved 1048576K
}
Event: 9.024 GC heap after
{Heap after GC invocations=35 (full 0):
 garbage-first heap   total 340992K, used 175163K [0x0000000080000000, 0x0000000100000000)
  region size 1024K, 2 young (2048K), 2 survivors (2048K)
 Metaspace       used 136432K, committed 137152K, reserved 1171456K
  class space    used 17590K, committed 17920K, reserved 1048576K
}

