# JRE version: OpenJDK Runtime Environment (17.0.6) (build 17.0.6+0-b2043.56-10027231)
# Java VM: OpenJDK 64-Bit Server VM (17.0.6+0-b2043.56-10027231, mixed mode, tiered, compressed oops, compressed class ptrs, g1 gc, windows-amd64)
GC Precious Log:
 CPUs: 16 total, 16 available
 Memory: 16163M
 Large Page Support: Disabled
 NUMA Support: Disabled
 Compressed Oops: Enabled (32-bit)
 Heap Region Size: 1M
 Heap Min Capacity: 8M
 Heap Initial Capacity: 254M
 Heap Max Capacity: 2G
 Pre-touch: Disabled
 Parallel Workers: 13
 Concurrent Workers: 3
 Concurrent Refinement Workers: 13
 Periodic GC: Disabled
Heap:
 garbage-first heap   total 354304K, used 192157K [0x0000000080000000, 0x0000000100000000)
  region size 1024K, 5 young (5120K), 5 survivors (5120K)
 Metaspace       used 137953K, committed 138880K, reserved 1171456K
  class space    used 17619K, committed 18048K, reserved 1048576K
GC Heap History (20 events):
Event: 5.966 GC heap after
{Heap after GC invocations=35 (full 0):
 garbage-first heap   total 354304K, used 134102K [0x0000000080000000, 0x0000000100000000)
  region size 1024K, 18 young (18432K), 18 survivors (18432K)
 Metaspace       used 92310K, committed 93120K, reserved 1130496K
  class space    used 12695K, committed 13056K, reserved 1048576K
}
Event: 5.972 GC heap before
{Heap before GC invocations=35 (full 0):
 garbage-first heap   total 354304K, used 135126K [0x0000000080000000, 0x0000000100000000)
  region size 1024K, 19 young (19456K), 18 survivors (18432K)
 Metaspace       used 92310K, committed 93120K, reserved 1130496K
  class space    used 12695K, committed 13056K, reserved 1048576K
}
Event: 5.981 GC heap after
{Heap after GC invocations=36 (full 0):
 garbage-first heap   total 354304K, used 137179K [0x0000000080000000, 0x0000000100000000)
  region size 1024K, 3 young (3072K), 3 survivors (3072K)
 Metaspace       used 92310K, committed 93120K, reserved 1130496K
  class space    used 12695K, committed 13056K, reserved 1048576K
}
Event: 6.732 GC heap before
{Heap before GC invocations=36 (full 0):
 garbage-first heap   total 354304K, used 261083K [0x0000000080000000, 0x0000000100000000)
  region size 1024K, 118 young (120832K), 3 survivors (3072K)
 Metaspace       used 104590K, committed 105344K, reserved 1146880K
  class space    used 13943K, committed 14272K, reserved 1048576K
}
Event: 6.740 GC heap after
{Heap after GC invocations=37 (full 0):
 garbage-first heap   total 354304K, used 154566K [0x0000000080000000, 0x0000000100000000)
  region size 1024K, 14 young (14336K), 14 survivors (14336K)
 Metaspace       used 104590K, committed 105344K, reserved 1146880K
  class space    used 13943K, committed 14272K, reserved 1048576K
}
Event: 7.067 GC heap before
{Heap before GC invocations=37 (full 0):
 garbage-first heap   total 354304K, used 200646K [0x0000000080000000, 0x0000000100000000)
  region size 1024K, 60 young (61440K), 14 survivors (14336K)
 Metaspace       used 110869K, committed 111680K, reserved 1146880K
  class space    used 14747K, committed 15104K, reserved 1048576K
}
Event: 7.074 GC heap after
{Heap after GC invocations=38 (full 0):
 garbage-first heap   total 354304K, used 158883K [0x0000000080000000, 0x0000000100000000)
  region size 1024K, 4 young (4096K), 4 survivors (4096K)
 Metaspace       used 110869K, committed 111680K, reserved 1146880K
  class space    used 14747K, committed 15104K, reserved 1048576K
}
Event: 7.786 GC heap before
{Heap before GC invocations=39 (full 0):
 garbage-first heap   total 354304K, used 275619K [0x0000000080000000, 0x0000000100000000)
  region size 1024K, 117 young (119808K), 4 survivors (4096K)
 Metaspace       used 115721K, committed 116480K, reserved 1155072K
  class space    used 15283K, committed 15616K, reserved 1048576K
}
Event: 7.792 GC heap after
{Heap after GC invocations=40 (full 0):
 garbage-first heap   total 354304K, used 166925K [0x0000000080000000, 0x0000000100000000)
  region size 1024K, 12 young (12288K), 12 survivors (12288K)
 Metaspace       used 115721K, committed 116480K, reserved 1155072K
  class space    used 15283K, committed 15616K, reserved 1048576K
}
Event: 7.825 GC heap before
{Heap before GC invocations=40 (full 0):
 garbage-first heap   total 354304K, used 172045K [0x0000000080000000, 0x0000000100000000)
  region size 1024K, 17 young (17408K), 12 survivors (12288K)
 Metaspace       used 116041K, committed 116800K, reserved 1155072K
  class space    used 15321K, committed 15680K, reserved 1048576K
}
Event: 7.831 GC heap after
{Heap after GC invocations=41 (full 0):
 garbage-first heap   total 354304K, used 167807K [0x0000000080000000, 0x0000000100000000)
  region size 1024K, 2 young (2048K), 2 survivors (2048K)
 Metaspace       used 116041K, committed 116800K, reserved 1155072K
  class space    used 15321K, committed 15680K, reserved 1048576K
}
Event: 30.015 GC heap before
{Heap before GC invocations=41 (full 0):
 garbage-first heap   total 354304K, used 281471K [0x0000000080000000, 0x0000000100000000)
  region size 1024K, 113 young (115712K), 2 survivors (2048K)
 Metaspace       used 120435K, committed 121280K, reserved 1155072K
  class space    used 15791K, committed 16192K, reserved 1048576K
}
Event: 30.019 GC heap after
{Heap after GC invocations=42 (full 0):
 garbage-first heap   total 354304K, used 172238K [0x0000000080000000, 0x0000000100000000)
  region size 1024K, 7 young (7168K), 7 survivors (7168K)
 Metaspace       used 120435K, committed 121280K, reserved 1155072K
  class space    used 15791K, committed 16192K, reserved 1048576K
}
Event: 30.377 GC heap before
{Heap before GC invocations=42 (full 0):
 garbage-first heap   total 354304K, used 244942K [0x0000000080000000, 0x0000000100000000)
  region size 1024K, 80 young (81920K), 7 survivors (7168K)
 Metaspace       used 121218K, committed 122112K, reserved 1155072K
  class space    used 15870K, committed 16320K, reserved 1048576K
}
Event: 30.385 GC heap after
{Heap after GC invocations=43 (full 0):
 garbage-first heap   total 354304K, used 178803K [0x0000000080000000, 0x0000000100000000)
  region size 1024K, 13 young (13312K), 13 survivors (13312K)
 Metaspace       used 121218K, committed 122112K, reserved 1155072K
  class space    used 15870K, committed 16320K, reserved 1048576K
}
Event: 30.980 GC heap before
{Heap before GC invocations=44 (full 0):
 garbage-first heap   total 354304K, used 288371K [0x0000000080000000, 0x0000000100000000)
  region size 1024K, 119 young (121856K), 13 survivors (13312K)
 Metaspace       used 123196K, committed 124032K, reserved 1163264K
  class space    used 15990K, committed 16384K, reserved 1048576K
}
Event: 30.990 GC heap after
{Heap after GC invocations=45 (full 0):
 garbage-first heap   total 354304K, used 188321K [0x0000000080000000, 0x0000000100000000)
  region size 1024K, 15 young (15360K), 15 survivors (15360K)
 Metaspace       used 123196K, committed 124032K, reserved 1163264K
  class space    used 15990K, committed 16384K, reserved 1048576K
}
Event: 31.008 GC heap before
{Heap before GC invocations=45 (full 0):
 garbage-first heap   total 354304K, used 190369K [0x0000000080000000, 0x0000000100000000)
  region size 1024K, 17 young (17408K), 15 survivors (15360K)
 Metaspace       used 123416K, committed 124288K, reserved 1163264K
  class space    used 16026K, committed 16448K, reserved 1048576K
}
Event: 31.014 GC heap after
{Heap after GC invocations=46 (full 0):
 garbage-first heap   total 354304K, used 190478K [0x0000000080000000, 0x0000000100000000)
  region size 1024K, 3 young (3072K), 3 survivors (3072K)
 Metaspace       used 123416K, committed 124288K, reserved 1163264K
  class space    used 16026K, committed 16448K, reserved 1048576K
}
Event: 31.883 GC heap before
{Heap before GC invocations=46 (full 0):
 garbage-first heap   total 354304K, used 288782K [0x0000000080000000, 0x0000000100000000)
  region size 1024K, 99 young (101376K), 3 survivors (3072K)
 Metaspace       used 137953K, committed 138880K, reserved 1171456K
  class space    used 17619K, committed 18048K, reserved 1048576K
}

