# JRE version: OpenJDK Runtime Environment (17.0.6) (build 17.0.6+0-b2043.56-10027231)
# Java VM: OpenJDK 64-Bit Server VM (17.0.6+0-b2043.56-10027231, mixed mode, tiered, compressed oops, compressed class ptrs, g1 gc, windows-amd64)
GC Precious Log:
 CPUs: 16 total, 16 available
 Memory: 16163M
 Large Page Support: Disabled
 NUMA Support: Disabled
 Compressed Oops: Enabled (32-bit)
 Heap Region Size: 1M
 Heap Min Capacity: 8M
 Heap Initial Capacity: 254M
 Heap Max Capacity: 2G
 Pre-touch: Disabled
 Parallel Workers: 13
 Concurrent Workers: 3
 Concurrent Refinement Workers: 13
 Periodic GC: Disabled
Heap:
 garbage-first heap   total 262144K, used 198491K [0x0000000080000000, 0x0000000100000000)
  region size 1024K, 3 young (3072K), 3 survivors (3072K)
 Metaspace       used 109190K, committed 110144K, reserved 1146880K
  class space    used 14896K, committed 15360K, reserved 1048576K
GC Heap History (20 events):
Event: 7.983 GC heap after
{Heap after GC invocations=37 (full 0):
 garbage-first heap   total 248832K, used 92871K [0x0000000080000000, 0x0000000100000000)
  region size 1024K, 2 young (2048K), 2 survivors (2048K)
 Metaspace       used 96443K, committed 97152K, reserved 1138688K
  class space    used 13287K, committed 13632K, reserved 1048576K
}
Event: 8.289 GC heap before
{Heap before GC invocations=37 (full 0):
 garbage-first heap   total 248832K, used 180935K [0x0000000080000000, 0x0000000100000000)
  region size 1024K, 89 young (91136K), 2 survivors (2048K)
 Metaspace       used 97173K, committed 97920K, reserved 1138688K
  class space    used 13343K, committed 13696K, reserved 1048576K
}
Event: 8.294 GC heap after
{Heap after GC invocations=38 (full 0):
 garbage-first heap   total 248832K, used 98720K [0x0000000080000000, 0x0000000100000000)
  region size 1024K, 8 young (8192K), 8 survivors (8192K)
 Metaspace       used 97173K, committed 97920K, reserved 1138688K
  class space    used 13343K, committed 13696K, reserved 1048576K
}
Event: 8.618 GC heap before
{Heap before GC invocations=38 (full 0):
 garbage-first heap   total 248832K, used 187808K [0x0000000080000000, 0x0000000100000000)
  region size 1024K, 96 young (98304K), 8 survivors (8192K)
 Metaspace       used 97652K, committed 98304K, reserved 1138688K
  class space    used 13387K, committed 13696K, reserved 1048576K
}
Event: 8.625 GC heap after
{Heap after GC invocations=39 (full 0):
 garbage-first heap   total 248832K, used 104009K [0x0000000080000000, 0x0000000100000000)
  region size 1024K, 8 young (8192K), 8 survivors (8192K)
 Metaspace       used 97652K, committed 98304K, reserved 1138688K
  class space    used 13387K, committed 13696K, reserved 1048576K
}
Event: 9.163 GC heap before
{Heap before GC invocations=39 (full 0):
 garbage-first heap   total 248832K, used 171593K [0x0000000080000000, 0x0000000100000000)
  region size 1024K, 53 young (54272K), 8 survivors (8192K)
 Metaspace       used 101372K, committed 102144K, reserved 1138688K
  class space    used 13791K, committed 14208K, reserved 1048576K
}
Event: 9.170 GC heap after
{Heap after GC invocations=40 (full 0):
 garbage-first heap   total 248832K, used 108502K [0x0000000080000000, 0x0000000100000000)
  region size 1024K, 5 young (5120K), 5 survivors (5120K)
 Metaspace       used 101372K, committed 102144K, reserved 1138688K
  class space    used 13791K, committed 14208K, reserved 1048576K
}
Event: 139.444 GC heap before
{Heap before GC invocations=40 (full 0):
 garbage-first heap   total 248832K, used 155606K [0x0000000080000000, 0x0000000100000000)
  region size 1024K, 33 young (33792K), 5 survivors (5120K)
 Metaspace       used 102962K, committed 103744K, reserved 1146880K
  class space    used 14047K, committed 14464K, reserved 1048576K
}
Event: 139.448 GC heap after
{Heap after GC invocations=41 (full 0):
 garbage-first heap   total 248832K, used 118884K [0x0000000080000000, 0x0000000100000000)
  region size 1024K, 7 young (7168K), 7 survivors (7168K)
 Metaspace       used 102962K, committed 103744K, reserved 1146880K
  class space    used 14047K, committed 14464K, reserved 1048576K
}
Event: 139.837 GC heap before
{Heap before GC invocations=41 (full 0):
 garbage-first heap   total 248832K, used 149604K [0x0000000080000000, 0x0000000100000000)
  region size 1024K, 22 young (22528K), 7 survivors (7168K)
 Metaspace       used 104005K, committed 104896K, reserved 1146880K
  class space    used 14217K, committed 14656K, reserved 1048576K
}
Event: 139.842 GC heap after
{Heap after GC invocations=42 (full 0):
 garbage-first heap   total 248832K, used 140084K [0x0000000080000000, 0x0000000100000000)
  region size 1024K, 7 young (7168K), 7 survivors (7168K)
 Metaspace       used 104005K, committed 104896K, reserved 1146880K
  class space    used 14217K, committed 14656K, reserved 1048576K
}
Event: 140.576 GC heap before
{Heap before GC invocations=43 (full 0):
 garbage-first heap   total 248832K, used 198452K [0x0000000080000000, 0x0000000100000000)
  region size 1024K, 62 young (63488K), 7 survivors (7168K)
 Metaspace       used 105481K, committed 106368K, reserved 1146880K
  class space    used 14401K, committed 14848K, reserved 1048576K
}
Event: 140.581 GC heap after
{Heap after GC invocations=44 (full 0):
 garbage-first heap   total 248832K, used 147991K [0x0000000080000000, 0x0000000100000000)
  region size 1024K, 8 young (8192K), 8 survivors (8192K)
 Metaspace       used 105481K, committed 106368K, reserved 1146880K
  class space    used 14401K, committed 14848K, reserved 1048576K
}
Event: 140.618 GC heap before
{Heap before GC invocations=44 (full 0):
 garbage-first heap   total 248832K, used 152087K [0x0000000080000000, 0x0000000100000000)
  region size 1024K, 12 young (12288K), 8 survivors (8192K)
 Metaspace       used 105520K, committed 106432K, reserved 1146880K
  class space    used 14403K, committed 14848K, reserved 1048576K
}
Event: 140.623 GC heap after
{Heap after GC invocations=45 (full 0):
 garbage-first heap   total 248832K, used 148545K [0x0000000080000000, 0x0000000100000000)
  region size 1024K, 2 young (2048K), 2 survivors (2048K)
 Metaspace       used 105520K, committed 106432K, reserved 1146880K
  class space    used 14403K, committed 14848K, reserved 1048576K
}
Event: 141.318 GC heap before
{Heap before GC invocations=45 (full 0):
 garbage-first heap   total 248832K, used 222273K [0x0000000080000000, 0x0000000100000000)
  region size 1024K, 53 young (54272K), 2 survivors (2048K)
 Metaspace       used 108697K, committed 109632K, reserved 1146880K
  class space    used 14837K, committed 15296K, reserved 1048576K
}
Event: 141.324 GC heap after
{Heap after GC invocations=46 (full 0):
 garbage-first heap   total 248832K, used 178909K [0x0000000080000000, 0x0000000100000000)
  region size 1024K, 7 young (7168K), 7 survivors (7168K)
 Metaspace       used 108697K, committed 109632K, reserved 1146880K
  class space    used 14837K, committed 15296K, reserved 1048576K
}
Event: 141.469 GC heap before
{Heap before GC invocations=46 (full 0):
 garbage-first heap   total 248832K, used 213725K [0x0000000080000000, 0x0000000100000000)
  region size 1024K, 38 young (38912K), 7 survivors (7168K)
 Metaspace       used 109190K, committed 110144K, reserved 1146880K
  class space    used 14896K, committed 15360K, reserved 1048576K
}
Event: 141.479 GC heap after
{Heap after GC invocations=47 (full 0):
 garbage-first heap   total 248832K, used 193392K [0x0000000080000000, 0x0000000100000000)
  region size 1024K, 5 young (5120K), 5 survivors (5120K)
 Metaspace       used 109190K, committed 110144K, reserved 1146880K
  class space    used 14896K, committed 15360K, reserved 1048576K
}
Event: 141.522 GC heap before
{Heap before GC invocations=47 (full 0):
 garbage-first heap   total 248832K, used 209776K [0x0000000080000000, 0x0000000100000000)
  region size 1024K, 22 young (22528K), 5 survivors (5120K)
 Metaspace       used 109190K, committed 110144K, reserved 1146880K
  class space    used 14896K, committed 15360K, reserved 1048576K
}

