# JRE version: OpenJDK Runtime Environment (17.0.6) (build 17.0.6+0-b2043.56-10027231)
# Java VM: OpenJDK 64-Bit Server VM (17.0.6+0-b2043.56-10027231, mixed mode, tiered, compressed oops, compressed class ptrs, g1 gc, windows-amd64)
GC Precious Log:
 CPUs: 16 total, 16 available
 Memory: 16163M
 Large Page Support: Disabled
 NUMA Support: Disabled
 Compressed Oops: Enabled (32-bit)
 Heap Region Size: 1M
 Heap Min Capacity: 8M
 Heap Initial Capacity: 254M
 Heap Max Capacity: 2G
 Pre-touch: Disabled
 Parallel Workers: 13
 Concurrent Workers: 3
 Concurrent Refinement Workers: 13
 Periodic GC: Disabled
Heap:
 garbage-first heap   total 293888K, used 169440K [0x0000000080000000, 0x0000000100000000)
  region size 1024K, 2 young (2048K), 2 survivors (2048K)
 Metaspace       used 93342K, committed 94080K, reserved 1130496K
  class space    used 12781K, committed 13120K, reserved 1048576K
GC Heap History (20 events):
Event: 5.671 GC heap after
{Heap after GC invocations=35 (full 0):
 garbage-first heap   total 189440K, used 109217K [0x0000000080000000, 0x0000000100000000)
  region size 1024K, 5 young (5120K), 5 survivors (5120K)
 Metaspace       used 85877K, committed 86592K, reserved 1130496K
  class space    used 11719K, committed 12032K, reserved 1048576K
}
Event: 5.699 GC heap before
{Heap before GC invocations=35 (full 0):
 garbage-first heap   total 189440K, used 113313K [0x0000000080000000, 0x0000000100000000)
  region size 1024K, 9 young (9216K), 5 survivors (5120K)
 Metaspace       used 86236K, committed 86912K, reserved 1130496K
  class space    used 11772K, committed 12096K, reserved 1048576K
}
Event: 5.702 GC heap after
{Heap after GC invocations=36 (full 0):
 garbage-first heap   total 189440K, used 108925K [0x0000000080000000, 0x0000000100000000)
  region size 1024K, 1 young (1024K), 1 survivors (1024K)
 Metaspace       used 86236K, committed 86912K, reserved 1130496K
  class space    used 11772K, committed 12096K, reserved 1048576K
}
Event: 6.206 GC heap before
{Heap before GC invocations=36 (full 0):
 garbage-first heap   total 189440K, used 177533K [0x0000000080000000, 0x0000000100000000)
  region size 1024K, 46 young (47104K), 1 survivors (1024K)
 Metaspace       used 91718K, committed 92416K, reserved 1130496K
  class space    used 12565K, committed 12864K, reserved 1048576K
}
Event: 6.210 GC heap after
{Heap after GC invocations=37 (full 0):
 garbage-first heap   total 189440K, used 138697K [0x0000000080000000, 0x0000000100000000)
  region size 1024K, 6 young (6144K), 6 survivors (6144K)
 Metaspace       used 91718K, committed 92416K, reserved 1130496K
  class space    used 12565K, committed 12864K, reserved 1048576K
}
Event: 6.308 GC heap before
{Heap before GC invocations=37 (full 0):
 garbage-first heap   total 189440K, used 160201K [0x0000000080000000, 0x0000000100000000)
  region size 1024K, 28 young (28672K), 6 survivors (6144K)
 Metaspace       used 92185K, committed 92992K, reserved 1130496K
  class space    used 12615K, committed 12992K, reserved 1048576K
}
Event: 6.311 GC heap after
{Heap after GC invocations=38 (full 0):
 garbage-first heap   total 189440K, used 140491K [0x0000000080000000, 0x0000000100000000)
  region size 1024K, 2 young (2048K), 2 survivors (2048K)
 Metaspace       used 92185K, committed 92992K, reserved 1130496K
  class space    used 12615K, committed 12992K, reserved 1048576K
}
Event: 6.466 GC heap before
{Heap before GC invocations=39 (full 0):
 garbage-first heap   total 242688K, used 165067K [0x0000000080000000, 0x0000000100000000)
  region size 1024K, 23 young (23552K), 2 survivors (2048K)
 Metaspace       used 93305K, committed 94016K, reserved 1130496K
  class space    used 12781K, committed 13120K, reserved 1048576K
}
Event: 6.471 GC heap after
{Heap after GC invocations=40 (full 0):
 garbage-first heap   total 242688K, used 147736K [0x0000000080000000, 0x0000000100000000)
  region size 1024K, 3 young (3072K), 3 survivors (3072K)
 Metaspace       used 93305K, committed 94016K, reserved 1130496K
  class space    used 12781K, committed 13120K, reserved 1048576K
}
Event: 6.486 GC heap before
{Heap before GC invocations=40 (full 0):
 garbage-first heap   total 242688K, used 154904K [0x0000000080000000, 0x0000000100000000)
  region size 1024K, 11 young (11264K), 3 survivors (3072K)
 Metaspace       used 93305K, committed 94016K, reserved 1130496K
  class space    used 12781K, committed 13120K, reserved 1048576K
}
Event: 6.491 GC heap after
{Heap after GC invocations=41 (full 0):
 garbage-first heap   total 291840K, used 150843K [0x0000000080000000, 0x0000000100000000)
  region size 1024K, 2 young (2048K), 2 survivors (2048K)
 Metaspace       used 93305K, committed 94016K, reserved 1130496K
  class space    used 12781K, committed 13120K, reserved 1048576K
}
Event: 6.719 GC heap before
{Heap before GC invocations=41 (full 0):
 garbage-first heap   total 291840K, used 226619K [0x0000000080000000, 0x0000000100000000)
  region size 1024K, 77 young (78848K), 2 survivors (2048K)
 Metaspace       used 93332K, committed 94080K, reserved 1130496K
  class space    used 12781K, committed 13120K, reserved 1048576K
}
Event: 6.728 GC heap after
{Heap after GC invocations=42 (full 0):
 garbage-first heap   total 291840K, used 166588K [0x0000000080000000, 0x0000000100000000)
  region size 1024K, 10 young (10240K), 10 survivors (10240K)
 Metaspace       used 93332K, committed 94080K, reserved 1130496K
  class space    used 12781K, committed 13120K, reserved 1048576K
}
Event: 6.884 GC heap before
{Heap before GC invocations=42 (full 0):
 garbage-first heap   total 291840K, used 224956K [0x0000000080000000, 0x0000000100000000)
  region size 1024K, 67 young (68608K), 10 survivors (10240K)
 Metaspace       used 93341K, committed 94080K, reserved 1130496K
  class space    used 12781K, committed 13120K, reserved 1048576K
}
Event: 6.889 GC heap after
{Heap after GC invocations=43 (full 0):
 garbage-first heap   total 291840K, used 170210K [0x0000000080000000, 0x0000000100000000)
  region size 1024K, 5 young (5120K), 5 survivors (5120K)
 Metaspace       used 93341K, committed 94080K, reserved 1130496K
  class space    used 12781K, committed 13120K, reserved 1048576K
}
Event: 7.104 GC heap before
{Heap before GC invocations=43 (full 0):
 garbage-first heap   total 291840K, used 230626K [0x0000000080000000, 0x0000000100000000)
  region size 1024K, 64 young (65536K), 5 survivors (5120K)
 Metaspace       used 93342K, committed 94080K, reserved 1130496K
  class space    used 12781K, committed 13120K, reserved 1048576K
}
Event: 7.107 GC heap after
{Heap after GC invocations=44 (full 0):
 garbage-first heap   total 291840K, used 171905K [0x0000000080000000, 0x0000000100000000)
  region size 1024K, 7 young (7168K), 7 survivors (7168K)
 Metaspace       used 93342K, committed 94080K, reserved 1130496K
  class space    used 12781K, committed 13120K, reserved 1048576K
}
Event: 7.331 GC heap before
{Heap before GC invocations=45 (full 0):
 garbage-first heap   total 293888K, used 230273K [0x0000000080000000, 0x0000000100000000)
  region size 1024K, 68 young (69632K), 7 survivors (7168K)
 Metaspace       used 93342K, committed 94080K, reserved 1130496K
  class space    used 12781K, committed 13120K, reserved 1048576K
}
Event: 7.334 GC heap after
{Heap after GC invocations=46 (full 0):
 garbage-first heap   total 293888K, used 170641K [0x0000000080000000, 0x0000000100000000)
  region size 1024K, 8 young (8192K), 8 survivors (8192K)
 Metaspace       used 93342K, committed 94080K, reserved 1130496K
  class space    used 12781K, committed 13120K, reserved 1048576K
}
Event: 7.353 GC heap before
{Heap before GC invocations=46 (full 0):
 garbage-first heap   total 293888K, used 176785K [0x0000000080000000, 0x0000000100000000)
  region size 1024K, 14 young (14336K), 8 survivors (8192K)
 Metaspace       used 93342K, committed 94080K, reserved 1130496K
  class space    used 12781K, committed 13120K, reserved 1048576K
}

